This is pdfTeX, Version 3.14159265-2.6-1.40.18 (MiKTeX 2.9.6500 64-bit) (preloaded format=pdflatex 2017.12.27)  25 SEP 2019 11:44
entering extended mode
**./main.tex
(main.tex
LaTeX2e <2017-04-15>
Babel <3.15> and hyphenation patterns for 75 language(s) loaded.
("C:\Program Files\MiKTeX 2.9\tex\latex\base\article.cls"
Document Class: article 2014/09/29 v1.4h Standard LaTeX document class
("C:\Program Files\MiKTeX 2.9\tex\latex\base\size10.clo"
File: size10.clo 2014/09/29 v1.4h Standard LaTeX file (size option)
)
\c@part=\count79
\c@section=\count80
\c@subsection=\count81
\c@subsubsection=\count82
\c@paragraph=\count83
\c@subparagraph=\count84
\c@figure=\count85
\c@table=\count86
\abovecaptionskip=\skip41
\belowcaptionskip=\skip42
\bibindent=\dimen102
)
("C:\Program Files\MiKTeX 2.9\tex\latex\base\inputenc.sty"
Package: inputenc 2015/03/17 v1.2c Input encoding file
\inpenc@prehook=\toks14
\inpenc@posthook=\toks15

("C:\Program Files\MiKTeX 2.9\tex\latex\base\utf8.def"
File: utf8.def 2017/01/28 v1.1t UTF-8 support for inputenc
Now handling font encoding OML ...
... no UTF-8 mapping file for font encoding OML
Now handling font encoding T1 ...
... processing UTF-8 mapping file for font encoding T1

("C:\Program Files\MiKTeX 2.9\tex\latex\base\t1enc.dfu"
File: t1enc.dfu 2017/01/28 v1.1t UTF-8 support for inputenc
   defining Unicode char U+00A0 (decimal 160)
   defining Unicode char U+00A1 (decimal 161)
   defining Unicode char U+00A3 (decimal 163)
   defining Unicode char U+00AB (decimal 171)
   defining Unicode char U+00AD (decimal 173)
   defining Unicode char U+00BB (decimal 187)
   defining Unicode char U+00BF (decimal 191)
   defining Unicode char U+00C0 (decimal 192)
   defining Unicode char U+00C1 (decimal 193)
   defining Unicode char U+00C2 (decimal 194)
   defining Unicode char U+00C3 (decimal 195)
   defining Unicode char U+00C4 (decimal 196)
   defining Unicode char U+00C5 (decimal 197)
   defining Unicode char U+00C6 (decimal 198)
   defining Unicode char U+00C7 (decimal 199)
   defining Unicode char U+00C8 (decimal 200)
   defining Unicode char U+00C9 (decimal 201)
   defining Unicode char U+00CA (decimal 202)
   defining Unicode char U+00CB (decimal 203)
   defining Unicode char U+00CC (decimal 204)
   defining Unicode char U+00CD (decimal 205)
   defining Unicode char U+00CE (decimal 206)
   defining Unicode char U+00CF (decimal 207)
   defining Unicode char U+00D0 (decimal 208)
   defining Unicode char U+00D1 (decimal 209)
   defining Unicode char U+00D2 (decimal 210)
   defining Unicode char U+00D3 (decimal 211)
   defining Unicode char U+00D4 (decimal 212)
   defining Unicode char U+00D5 (decimal 213)
   defining Unicode char U+00D6 (decimal 214)
   defining Unicode char U+00D8 (decimal 216)
   defining Unicode char U+00D9 (decimal 217)
   defining Unicode char U+00DA (decimal 218)
   defining Unicode char U+00DB (decimal 219)
   defining Unicode char U+00DC (decimal 220)
   defining Unicode char U+00DD (decimal 221)
   defining Unicode char U+00DE (decimal 222)
   defining Unicode char U+00DF (decimal 223)
   defining Unicode char U+00E0 (decimal 224)
   defining Unicode char U+00E1 (decimal 225)
   defining Unicode char U+00E2 (decimal 226)
   defining Unicode char U+00E3 (decimal 227)
   defining Unicode char U+00E4 (decimal 228)
   defining Unicode char U+00E5 (decimal 229)
   defining Unicode char U+00E6 (decimal 230)
   defining Unicode char U+00E7 (decimal 231)
   defining Unicode char U+00E8 (decimal 232)
   defining Unicode char U+00E9 (decimal 233)
   defining Unicode char U+00EA (decimal 234)
   defining Unicode char U+00EB (decimal 235)
   defining Unicode char U+00EC (decimal 236)
   defining Unicode char U+00ED (decimal 237)
   defining Unicode char U+00EE (decimal 238)
   defining Unicode char U+00EF (decimal 239)
   defining Unicode char U+00F0 (decimal 240)
   defining Unicode char U+00F1 (decimal 241)
   defining Unicode char U+00F2 (decimal 242)
   defining Unicode char U+00F3 (decimal 243)
   defining Unicode char U+00F4 (decimal 244)
   defining Unicode char U+00F5 (decimal 245)
   defining Unicode char U+00F6 (decimal 246)
   defining Unicode char U+00F8 (decimal 248)
   defining Unicode char U+00F9 (decimal 249)
   defining Unicode char U+00FA (decimal 250)
   defining Unicode char U+00FB (decimal 251)
   defining Unicode char U+00FC (decimal 252)
   defining Unicode char U+00FD (decimal 253)
   defining Unicode char U+00FE (decimal 254)
   defining Unicode char U+00FF (decimal 255)
   defining Unicode char U+0100 (decimal 256)
   defining Unicode char U+0101 (decimal 257)
   defining Unicode char U+0102 (decimal 258)
   defining Unicode char U+0103 (decimal 259)
   defining Unicode char U+0104 (decimal 260)
   defining Unicode char U+0105 (decimal 261)
   defining Unicode char U+0106 (decimal 262)
   defining Unicode char U+0107 (decimal 263)
   defining Unicode char U+0108 (decimal 264)
   defining Unicode char U+0109 (decimal 265)
   defining Unicode char U+010A (decimal 266)
   defining Unicode char U+010B (decimal 267)
   defining Unicode char U+010C (decimal 268)
   defining Unicode char U+010D (decimal 269)
   defining Unicode char U+010E (decimal 270)
   defining Unicode char U+010F (decimal 271)
   defining Unicode char U+0110 (decimal 272)
   defining Unicode char U+0111 (decimal 273)
   defining Unicode char U+0112 (decimal 274)
   defining Unicode char U+0113 (decimal 275)
   defining Unicode char U+0114 (decimal 276)
   defining Unicode char U+0115 (decimal 277)
   defining Unicode char U+0116 (decimal 278)
   defining Unicode char U+0117 (decimal 279)
   defining Unicode char U+0118 (decimal 280)
   defining Unicode char U+0119 (decimal 281)
   defining Unicode char U+011A (decimal 282)
   defining Unicode char U+011B (decimal 283)
   defining Unicode char U+011C (decimal 284)
   defining Unicode char U+011D (decimal 285)
   defining Unicode char U+011E (decimal 286)
   defining Unicode char U+011F (decimal 287)
   defining Unicode char U+0120 (decimal 288)
   defining Unicode char U+0121 (decimal 289)
   defining Unicode char U+0122 (decimal 290)
   defining Unicode char U+0123 (decimal 291)
   defining Unicode char U+0124 (decimal 292)
   defining Unicode char U+0125 (decimal 293)
   defining Unicode char U+0128 (decimal 296)
   defining Unicode char U+0129 (decimal 297)
   defining Unicode char U+012A (decimal 298)
   defining Unicode char U+012B (decimal 299)
   defining Unicode char U+012C (decimal 300)
   defining Unicode char U+012D (decimal 301)
   defining Unicode char U+012E (decimal 302)
   defining Unicode char U+012F (decimal 303)
   defining Unicode char U+0130 (decimal 304)
   defining Unicode char U+0131 (decimal 305)
   defining Unicode char U+0132 (decimal 306)
   defining Unicode char U+0133 (decimal 307)
   defining Unicode char U+0134 (decimal 308)
   defining Unicode char U+0135 (decimal 309)
   defining Unicode char U+0136 (decimal 310)
   defining Unicode char U+0137 (decimal 311)
   defining Unicode char U+0139 (decimal 313)
   defining Unicode char U+013A (decimal 314)
   defining Unicode char U+013B (decimal 315)
   defining Unicode char U+013C (decimal 316)
   defining Unicode char U+013D (decimal 317)
   defining Unicode char U+013E (decimal 318)
   defining Unicode char U+0141 (decimal 321)
   defining Unicode char U+0142 (decimal 322)
   defining Unicode char U+0143 (decimal 323)
   defining Unicode char U+0144 (decimal 324)
   defining Unicode char U+0145 (decimal 325)
   defining Unicode char U+0146 (decimal 326)
   defining Unicode char U+0147 (decimal 327)
   defining Unicode char U+0148 (decimal 328)
   defining Unicode char U+014A (decimal 330)
   defining Unicode char U+014B (decimal 331)
   defining Unicode char U+014C (decimal 332)
   defining Unicode char U+014D (decimal 333)
   defining Unicode char U+014E (decimal 334)
   defining Unicode char U+014F (decimal 335)
   defining Unicode char U+0150 (decimal 336)
   defining Unicode char U+0151 (decimal 337)
   defining Unicode char U+0152 (decimal 338)
   defining Unicode char U+0153 (decimal 339)
   defining Unicode char U+0154 (decimal 340)
   defining Unicode char U+0155 (decimal 341)
   defining Unicode char U+0156 (decimal 342)
   defining Unicode char U+0157 (decimal 343)
   defining Unicode char U+0158 (decimal 344)
   defining Unicode char U+0159 (decimal 345)
   defining Unicode char U+015A (decimal 346)
   defining Unicode char U+015B (decimal 347)
   defining Unicode char U+015C (decimal 348)
   defining Unicode char U+015D (decimal 349)
   defining Unicode char U+015E (decimal 350)
   defining Unicode char U+015F (decimal 351)
   defining Unicode char U+0160 (decimal 352)
   defining Unicode char U+0161 (decimal 353)
   defining Unicode char U+0162 (decimal 354)
   defining Unicode char U+0163 (decimal 355)
   defining Unicode char U+0164 (decimal 356)
   defining Unicode char U+0165 (decimal 357)
   defining Unicode char U+0168 (decimal 360)
   defining Unicode char U+0169 (decimal 361)
   defining Unicode char U+016A (decimal 362)
   defining Unicode char U+016B (decimal 363)
   defining Unicode char U+016C (decimal 364)
   defining Unicode char U+016D (decimal 365)
   defining Unicode char U+016E (decimal 366)
   defining Unicode char U+016F (decimal 367)
   defining Unicode char U+0170 (decimal 368)
   defining Unicode char U+0171 (decimal 369)
   defining Unicode char U+0172 (decimal 370)
   defining Unicode char U+0173 (decimal 371)
   defining Unicode char U+0174 (decimal 372)
   defining Unicode char U+0175 (decimal 373)
   defining Unicode char U+0176 (decimal 374)
   defining Unicode char U+0177 (decimal 375)
   defining Unicode char U+0178 (decimal 376)
   defining Unicode char U+0179 (decimal 377)
   defining Unicode char U+017A (decimal 378)
   defining Unicode char U+017B (decimal 379)
   defining Unicode char U+017C (decimal 380)
   defining Unicode char U+017D (decimal 381)
   defining Unicode char U+017E (decimal 382)
   defining Unicode char U+01CD (decimal 461)
   defining Unicode char U+01CE (decimal 462)
   defining Unicode char U+01CF (decimal 463)
   defining Unicode char U+01D0 (decimal 464)
   defining Unicode char U+01D1 (decimal 465)
   defining Unicode char U+01D2 (decimal 466)
   defining Unicode char U+01D3 (decimal 467)
   defining Unicode char U+01D4 (decimal 468)
   defining Unicode char U+01E2 (decimal 482)
   defining Unicode char U+01E3 (decimal 483)
   defining Unicode char U+01E6 (decimal 486)
   defining Unicode char U+01E7 (decimal 487)
   defining Unicode char U+01E8 (decimal 488)
   defining Unicode char U+01E9 (decimal 489)
   defining Unicode char U+01EA (decimal 490)
   defining Unicode char U+01EB (decimal 491)
   defining Unicode char U+01F0 (decimal 496)
   defining Unicode char U+01F4 (decimal 500)
   defining Unicode char U+01F5 (decimal 501)
   defining Unicode char U+0218 (decimal 536)
   defining Unicode char U+0219 (decimal 537)
   defining Unicode char U+021A (decimal 538)
   defining Unicode char U+021B (decimal 539)
   defining Unicode char U+0232 (decimal 562)
   defining Unicode char U+0233 (decimal 563)
   defining Unicode char U+1E02 (decimal 7682)
   defining Unicode char U+1E03 (decimal 7683)
   defining Unicode char U+200C (decimal 8204)
   defining Unicode char U+2010 (decimal 8208)
   defining Unicode char U+2011 (decimal 8209)
   defining Unicode char U+2012 (decimal 8210)
   defining Unicode char U+2013 (decimal 8211)
   defining Unicode char U+2014 (decimal 8212)
   defining Unicode char U+2015 (decimal 8213)
   defining Unicode char U+2018 (decimal 8216)
   defining Unicode char U+2019 (decimal 8217)
   defining Unicode char U+201A (decimal 8218)
   defining Unicode char U+201C (decimal 8220)
   defining Unicode char U+201D (decimal 8221)
   defining Unicode char U+201E (decimal 8222)
   defining Unicode char U+2030 (decimal 8240)
   defining Unicode char U+2031 (decimal 8241)
   defining Unicode char U+2039 (decimal 8249)
   defining Unicode char U+203A (decimal 8250)
   defining Unicode char U+2423 (decimal 9251)
   defining Unicode char U+1E20 (decimal 7712)
   defining Unicode char U+1E21 (decimal 7713)
)
Now handling font encoding OT1 ...
... processing UTF-8 mapping file for font encoding OT1

("C:\Program Files\MiKTeX 2.9\tex\latex\base\ot1enc.dfu"
File: ot1enc.dfu 2017/01/28 v1.1t UTF-8 support for inputenc
   defining Unicode char U+00A0 (decimal 160)
   defining Unicode char U+00A1 (decimal 161)
   defining Unicode char U+00A3 (decimal 163)
   defining Unicode char U+00AD (decimal 173)
   defining Unicode char U+00B8 (decimal 184)
   defining Unicode char U+00BF (decimal 191)
   defining Unicode char U+00C5 (decimal 197)
   defining Unicode char U+00C6 (decimal 198)
   defining Unicode char U+00D8 (decimal 216)
   defining Unicode char U+00DF (decimal 223)
   defining Unicode char U+00E6 (decimal 230)
   defining Unicode char U+00EC (decimal 236)
   defining Unicode char U+00ED (decimal 237)
   defining Unicode char U+00EE (decimal 238)
   defining Unicode char U+00EF (decimal 239)
   defining Unicode char U+00F8 (decimal 248)
   defining Unicode char U+0131 (decimal 305)
   defining Unicode char U+0141 (decimal 321)
   defining Unicode char U+0142 (decimal 322)
   defining Unicode char U+0152 (decimal 338)
   defining Unicode char U+0153 (decimal 339)
   defining Unicode char U+0174 (decimal 372)
   defining Unicode char U+0175 (decimal 373)
   defining Unicode char U+0176 (decimal 374)
   defining Unicode char U+0177 (decimal 375)
   defining Unicode char U+0218 (decimal 536)
   defining Unicode char U+0219 (decimal 537)
   defining Unicode char U+021A (decimal 538)
   defining Unicode char U+021B (decimal 539)
   defining Unicode char U+2013 (decimal 8211)
   defining Unicode char U+2014 (decimal 8212)
   defining Unicode char U+2018 (decimal 8216)
   defining Unicode char U+2019 (decimal 8217)
   defining Unicode char U+201C (decimal 8220)
   defining Unicode char U+201D (decimal 8221)
)
Now handling font encoding OMS ...
... processing UTF-8 mapping file for font encoding OMS

("C:\Program Files\MiKTeX 2.9\tex\latex\base\omsenc.dfu"
File: omsenc.dfu 2017/01/28 v1.1t UTF-8 support for inputenc
   defining Unicode char U+00A7 (decimal 167)
   defining Unicode char U+00B6 (decimal 182)
   defining Unicode char U+00B7 (decimal 183)
   defining Unicode char U+2020 (decimal 8224)
   defining Unicode char U+2021 (decimal 8225)
   defining Unicode char U+2022 (decimal 8226)
)
Now handling font encoding OMX ...
... no UTF-8 mapping file for font encoding OMX
Now handling font encoding U ...
... no UTF-8 mapping file for font encoding U
   defining Unicode char U+00A9 (decimal 169)
   defining Unicode char U+00AA (decimal 170)
   defining Unicode char U+00AE (decimal 174)
   defining Unicode char U+00BA (decimal 186)
   defining Unicode char U+02C6 (decimal 710)
   defining Unicode char U+02DC (decimal 732)
   defining Unicode char U+200C (decimal 8204)
   defining Unicode char U+2026 (decimal 8230)
   defining Unicode char U+2122 (decimal 8482)
   defining Unicode char U+2423 (decimal 9251)
))
("C:\Program Files\MiKTeX 2.9\tex\latex\graphics\graphicx.sty"
Package: graphicx 2017/06/01 v1.1a Enhanced LaTeX Graphics (DPC,SPQR)

("C:\Program Files\MiKTeX 2.9\tex\latex\graphics\keyval.sty"
Package: keyval 2014/10/28 v1.15 key=value parser (DPC)
\KV@toks@=\toks16
)
("C:\Program Files\MiKTeX 2.9\tex\latex\graphics\graphics.sty"
Package: graphics 2017/06/25 v1.2c Standard LaTeX Graphics (DPC,SPQR)

("C:\Program Files\MiKTeX 2.9\tex\latex\graphics\trig.sty"
Package: trig 2016/01/03 v1.10 sin cos tan (DPC)
)
("C:\Program Files\MiKTeX 2.9\tex\latex\graphics-cfg\graphics.cfg"
File: graphics.cfg 2016/06/04 v1.11 sample graphics configuration
)
Package graphics Info: Driver file: pdftex.def on input line 99.

("C:\Program Files\MiKTeX 2.9\tex\latex\graphics-def\pdftex.def"
File: pdftex.def 2017/06/24 v1.0g Graphics/color driver for pdftex
))
\Gin@req@height=\dimen103
\Gin@req@width=\dimen104
)
(C:\Users\reidm\AppData\Roaming\MiKTeX\2.9\tex\latex\caption\subcaption.sty
Package: subcaption 2018/05/01 v1.1-162 Sub-captions (AR)

(C:\Users\reidm\AppData\Roaming\MiKTeX\2.9\tex\latex\caption\caption.sty
Package: caption 2018/05/01 v3.3-147 Customizing captions (AR)

(C:\Users\reidm\AppData\Roaming\MiKTeX\2.9\tex\latex\caption\caption3.sty
Package: caption3 2018/05/27 v1.8a caption3 kernel (AR)
Package caption3 Info: TeX engine: e-TeX on input line 64.
\captionmargin=\dimen105
\captionmargin@=\dimen106
\captionwidth=\dimen107
\caption@tempdima=\dimen108
\caption@indent=\dimen109
\caption@parindent=\dimen110
\caption@hangindent=\dimen111
)
\c@ContinuedFloat=\count87
)
\c@subfigure=\count88
\c@subtable=\count89
)
(C:\Users\reidm\AppData\Roaming\MiKTeX\2.9\tex\latex\wrapfig\wrapfig.sty
\wrapoverhang=\dimen112
\WF@size=\dimen113
\c@WF@wrappedlines=\count90
\WF@box=\box26
\WF@everypar=\toks17
Package: wrapfig 2003/01/31  v 3.6
)
(C:\Users\reidm\AppData\Roaming\MiKTeX\2.9\tex\latex\eso-pic\eso-pic.sty
Package: eso-pic 2018/04/12 v2.0h eso-pic (RN)

("C:\Program Files\MiKTeX 2.9\tex\generic\oberdiek\atbegshi.sty"
Package: atbegshi 2016/06/09 v1.18 At begin shipout hook (HO)

("C:\Program Files\MiKTeX 2.9\tex\generic\oberdiek\infwarerr.sty"
Package: infwarerr 2016/05/16 v1.4 Providing info/warning/error messages (HO)
)
("C:\Program Files\MiKTeX 2.9\tex\generic\oberdiek\ltxcmds.sty"
Package: ltxcmds 2016/05/16 v1.23 LaTeX kernel commands for general use (HO)
)
("C:\Program Files\MiKTeX 2.9\tex\generic\oberdiek\ifpdf.sty"
Package: ifpdf 2017/03/15 v3.2 Provides the ifpdf switch
))
(C:\Users\reidm\AppData\Roaming\MiKTeX\2.9\tex\latex\xcolor\xcolor.sty
Package: xcolor 2016/05/11 v2.12 LaTeX color extensions (UK)

("C:\Program Files\MiKTeX 2.9\tex\latex\graphics-cfg\color.cfg"
File: color.cfg 2016/01/02 v1.6 sample color configuration
)
Package xcolor Info: Driver file: pdftex.def on input line 225.
Package xcolor Info: Model `cmy' substituted by `cmy0' on input line 1348.
Package xcolor Info: Model `hsb' substituted by `rgb' on input line 1352.
Package xcolor Info: Model `RGB' extended on input line 1364.
Package xcolor Info: Model `HTML' substituted by `rgb' on input line 1366.
Package xcolor Info: Model `Hsb' substituted by `hsb' on input line 1367.
Package xcolor Info: Model `tHsb' substituted by `hsb' on input line 1368.
Package xcolor Info: Model `HSB' substituted by `hsb' on input line 1369.
Package xcolor Info: Model `Gray' substituted by `gray' on input line 1370.
Package xcolor Info: Model `wave' substituted by `hsb' on input line 1371.
))
(C:\Users\reidm\AppData\Roaming\MiKTeX\2.9\tex\latex\soul\soul.sty
Package: soul 2003/11/17 v2.4 letterspacing/underlining (mf)
\SOUL@word=\toks18
\SOUL@lasttoken=\toks19
\SOUL@cmds=\toks20
\SOUL@buffer=\toks21
\SOUL@token=\toks22
\SOUL@spaceskip=\skip43
\SOUL@ttwidth=\dimen114
\SOUL@uldp=\dimen115
\SOUL@ulht=\dimen116
)
("C:\Program Files\MiKTeX 2.9\tex\latex\ltxmisc\parskip.sty"
Package: parskip 2001/04/09 non-zero parskip adjustments
)
("C:\Program Files\MiKTeX 2.9\tex\latex\tools\tabularx.sty"
Package: tabularx 2016/02/03 v2.11 `tabularx' package (DPC)

("C:\Program Files\MiKTeX 2.9\tex\latex\tools\array.sty"
Package: array 2016/10/06 v2.4d Tabular extension package (FMi)
\col@sep=\dimen117
\extrarowheight=\dimen118
\NC@list=\toks23
\extratabsurround=\skip44
\backup@length=\skip45
)
\TX@col@width=\dimen119
\TX@old@table=\dimen120
\TX@old@col=\dimen121
\TX@target=\dimen122
\TX@delta=\dimen123
\TX@cols=\count91
\TX@ftn=\toks24
)
("C:\Program Files\MiKTeX 2.9\tex\latex\tools\longtable.sty"
Package: longtable 2014/10/28 v4.11 Multi-page Table package (DPC)
\LTleft=\skip46
\LTright=\skip47
\LTpre=\skip48
\LTpost=\skip49
\LTchunksize=\count92
\LTcapwidth=\dimen124
\LT@head=\box27
\LT@firsthead=\box28
\LT@foot=\box29
\LT@lastfoot=\box30
\LT@cols=\count93
\LT@rows=\count94
\c@LT@tables=\count95
\c@LT@chunks=\count96
\LT@p@ftn=\toks25
)
(C:\Users\reidm\AppData\Roaming\MiKTeX\2.9\tex\latex\gfsdidot\gfsdidot.sty
File: gfsdidot.sty 2018/01/02 v1.1 Package `gfsdidot.sty'


  ****************************************************************
  * GFS-Didot style file by A. Tsolomitis and I. Vasilogiorgakis *
  *                                                              *
  * Mod. by A. Aubord for better work with OT1/T1/TS1 encodings. *
  *                                                              *
  ****************************************************************

("C:\Program Files\MiKTeX 2.9\tex\latex\base\ifthen.sty"
Package: ifthen 2014/09/29 v1.1c Standard LaTeX ifthen package (DPC)
)
(C:\Users\reidm\AppData\Roaming\MiKTeX\2.9\tex\latex\pxfonts\pxfonts.sty
Package: pxfonts 2008/01/22 v1.1.1
LaTeX Font Info:    Redeclaring symbol font `operators' on input line 21.
LaTeX Font Info:    Overwriting symbol font `operators' in version `normal'
(Font)                  OT1/cmr/m/n --> OT1/pxr/m/n on input line 21.
LaTeX Font Info:    Overwriting symbol font `operators' in version `bold'
(Font)                  OT1/cmr/bx/n --> OT1/pxr/m/n on input line 21.
LaTeX Font Info:    Overwriting symbol font `operators' in version `bold'
(Font)                  OT1/pxr/m/n --> OT1/pxr/bx/n on input line 22.
\symitalic=\mathgroup4
LaTeX Font Info:    Overwriting symbol font `italic' in version `bold'
(Font)                  OT1/pxr/m/it --> OT1/pxr/bx/it on input line 26.
LaTeX Font Info:    Redeclaring math alphabet \mathbf on input line 29.
LaTeX Font Info:    Overwriting math alphabet `\mathbf' in version `normal'
(Font)                  OT1/cmr/bx/n --> OT1/pxr/bx/n on input line 29.
LaTeX Font Info:    Overwriting math alphabet `\mathbf' in version `bold'
(Font)                  OT1/cmr/bx/n --> OT1/pxr/bx/n on input line 29.
LaTeX Font Info:    Redeclaring math alphabet \mathit on input line 30.
LaTeX Font Info:    Overwriting math alphabet `\mathit' in version `normal'
(Font)                  OT1/cmr/m/it --> OT1/pxr/m/it on input line 30.
LaTeX Font Info:    Overwriting math alphabet `\mathit' in version `bold'
(Font)                  OT1/cmr/bx/it --> OT1/pxr/m/it on input line 30.
LaTeX Font Info:    Overwriting math alphabet `\mathit' in version `bold'
(Font)                  OT1/pxr/m/it --> OT1/pxr/bx/it on input line 31.
LaTeX Font Info:    Redeclaring math alphabet \mathsf on input line 40.
LaTeX Font Info:    Overwriting math alphabet `\mathsf' in version `normal'
(Font)                  OT1/cmss/m/n --> OT1/pxss/m/n on input line 40.
LaTeX Font Info:    Overwriting math alphabet `\mathsf' in version `bold'
(Font)                  OT1/cmss/bx/n --> OT1/pxss/m/n on input line 40.
LaTeX Font Info:    Overwriting math alphabet `\mathsf' in version `bold'
(Font)                  OT1/pxss/m/n --> OT1/pxss/b/n on input line 41.
LaTeX Font Info:    Redeclaring math alphabet \mathtt on input line 50.
LaTeX Font Info:    Overwriting math alphabet `\mathtt' in version `normal'
(Font)                  OT1/cmtt/m/n --> OT1/pxtt/m/n on input line 50.
LaTeX Font Info:    Overwriting math alphabet `\mathtt' in version `bold'
(Font)                  OT1/cmtt/m/n --> OT1/pxtt/m/n on input line 50.
LaTeX Font Info:    Overwriting math alphabet `\mathtt' in version `bold'
(Font)                  OT1/pxtt/m/n --> OT1/pxtt/b/n on input line 51.
LaTeX Font Info:    Redeclaring symbol font `letters' on input line 58.
LaTeX Font Info:    Overwriting symbol font `letters' in version `normal'
(Font)                  OML/cmm/m/it --> OML/pxmi/m/it on input line 58.
LaTeX Font Info:    Overwriting symbol font `letters' in version `bold'
(Font)                  OML/cmm/b/it --> OML/pxmi/m/it on input line 58.
LaTeX Font Info:    Overwriting symbol font `letters' in version `bold'
(Font)                  OML/pxmi/m/it --> OML/pxmi/bx/it on input line 59.
\symlettersA=\mathgroup5
LaTeX Font Info:    Overwriting symbol font `lettersA' in version `bold'
(Font)                  U/pxmia/m/it --> U/pxmia/bx/it on input line 67.
LaTeX Font Info:    Redeclaring symbol font `symbols' on input line 77.
LaTeX Font Info:    Overwriting symbol font `symbols' in version `normal'
(Font)                  OMS/cmsy/m/n --> OMS/pxsy/m/n on input line 77.
LaTeX Font Info:    Overwriting symbol font `symbols' in version `bold'
(Font)                  OMS/cmsy/b/n --> OMS/pxsy/m/n on input line 77.
LaTeX Font Info:    Overwriting symbol font `symbols' in version `bold'
(Font)                  OMS/pxsy/m/n --> OMS/pxsy/bx/n on input line 78.
\symAMSa=\mathgroup6
LaTeX Font Info:    Overwriting symbol font `AMSa' in version `bold'
(Font)                  U/pxsya/m/n --> U/pxsya/bx/n on input line 94.
\symAMSb=\mathgroup7
LaTeX Font Info:    Overwriting symbol font `AMSb' in version `bold'
(Font)                  U/pxsyb/m/n --> U/pxsyb/bx/n on input line 103.
\symsymbolsC=\mathgroup8
LaTeX Font Info:    Overwriting symbol font `symbolsC' in version `bold'
(Font)                  U/pxsyc/m/n --> U/pxsyc/bx/n on input line 113.
LaTeX Font Info:    Redeclaring symbol font `largesymbols' on input line 120.
LaTeX Font Info:    Overwriting symbol font `largesymbols' in version `normal'
(Font)                  OMX/cmex/m/n --> OMX/pxex/m/n on input line 120.
LaTeX Font Info:    Overwriting symbol font `largesymbols' in version `bold'
(Font)                  OMX/cmex/m/n --> OMX/pxex/m/n on input line 120.
LaTeX Font Info:    Overwriting symbol font `largesymbols' in version `bold'
(Font)                  OMX/pxex/m/n --> OMX/pxex/bx/n on input line 121.
\symlargesymbolsA=\mathgroup9
LaTeX Font Info:    Overwriting symbol font `largesymbolsA' in version `bold'
(Font)                  U/pxexa/m/n --> U/pxexa/bx/n on input line 129.
LaTeX Info: Redefining \not on input line 997.
)
("C:\Program Files\MiKTeX 2.9\tex\latex\base\textcomp.sty"
Package: textcomp 2017/04/05 v2.0i Standard LaTeX package
Package textcomp Info: Sub-encoding information:
(textcomp)               5 = only ISO-Adobe without \textcurrency
(textcomp)               4 = 5 + \texteuro
(textcomp)               3 = 4 + \textohm
(textcomp)               2 = 3 + \textestimated + \textcurrency
(textcomp)               1 = TS1 - \textcircled - \t
(textcomp)               0 = TS1 (full)
(textcomp)             Font families with sub-encoding setting implement
(textcomp)             only a restricted character set as indicated.
(textcomp)             Family '?' is the default used for unknown fonts.
(textcomp)             See the documentation for details.
Package textcomp Info: Setting ? sub-encoding to TS1/1 on input line 79.
Package textcomp Info: Changing ? sub-encoding to TS1/0 on input line 80.

("C:\Program Files\MiKTeX 2.9\tex\latex\base\ts1enc.def"
File: ts1enc.def 2001/06/05 v3.0e (jk/car/fm) Standard LaTeX file
Now handling font encoding TS1 ...
... processing UTF-8 mapping file for font encoding TS1

("C:\Program Files\MiKTeX 2.9\tex\latex\base\ts1enc.dfu"
File: ts1enc.dfu 2017/01/28 v1.1t UTF-8 support for inputenc
   defining Unicode char U+00A2 (decimal 162)
   defining Unicode char U+00A3 (decimal 163)
   defining Unicode char U+00A4 (decimal 164)
   defining Unicode char U+00A5 (decimal 165)
   defining Unicode char U+00A6 (decimal 166)
   defining Unicode char U+00A7 (decimal 167)
   defining Unicode char U+00A8 (decimal 168)
   defining Unicode char U+00A9 (decimal 169)
   defining Unicode char U+00AA (decimal 170)
   defining Unicode char U+00AC (decimal 172)
   defining Unicode char U+00AE (decimal 174)
   defining Unicode char U+00AF (decimal 175)
   defining Unicode char U+00B0 (decimal 176)
   defining Unicode char U+00B1 (decimal 177)
   defining Unicode char U+00B2 (decimal 178)
   defining Unicode char U+00B3 (decimal 179)
   defining Unicode char U+00B4 (decimal 180)
   defining Unicode char U+00B5 (decimal 181)
   defining Unicode char U+00B6 (decimal 182)
   defining Unicode char U+00B7 (decimal 183)
   defining Unicode char U+00B9 (decimal 185)
   defining Unicode char U+00BA (decimal 186)
   defining Unicode char U+00BC (decimal 188)
   defining Unicode char U+00BD (decimal 189)
   defining Unicode char U+00BE (decimal 190)
   defining Unicode char U+00D7 (decimal 215)
   defining Unicode char U+00F7 (decimal 247)
   defining Unicode char U+0192 (decimal 402)
   defining Unicode char U+02C7 (decimal 711)
   defining Unicode char U+02D8 (decimal 728)
   defining Unicode char U+02DD (decimal 733)
   defining Unicode char U+0E3F (decimal 3647)
   defining Unicode char U+2016 (decimal 8214)
   defining Unicode char U+2020 (decimal 8224)
   defining Unicode char U+2021 (decimal 8225)
   defining Unicode char U+2022 (decimal 8226)
   defining Unicode char U+2030 (decimal 8240)
   defining Unicode char U+2031 (decimal 8241)
   defining Unicode char U+203B (decimal 8251)
   defining Unicode char U+203D (decimal 8253)
   defining Unicode char U+2044 (decimal 8260)
   defining Unicode char U+204E (decimal 8270)
   defining Unicode char U+2052 (decimal 8274)
   defining Unicode char U+20A1 (decimal 8353)
   defining Unicode char U+20A4 (decimal 8356)
   defining Unicode char U+20A6 (decimal 8358)
   defining Unicode char U+20A9 (decimal 8361)
   defining Unicode char U+20AB (decimal 8363)
   defining Unicode char U+20AC (decimal 8364)
   defining Unicode char U+20B1 (decimal 8369)
   defining Unicode char U+2103 (decimal 8451)
   defining Unicode char U+2116 (decimal 8470)
   defining Unicode char U+2117 (decimal 8471)
   defining Unicode char U+211E (decimal 8478)
   defining Unicode char U+2120 (decimal 8480)
   defining Unicode char U+2122 (decimal 8482)
   defining Unicode char U+2126 (decimal 8486)
   defining Unicode char U+2127 (decimal 8487)
   defining Unicode char U+212E (decimal 8494)
   defining Unicode char U+2190 (decimal 8592)
   defining Unicode char U+2191 (decimal 8593)
   defining Unicode char U+2192 (decimal 8594)
   defining Unicode char U+2193 (decimal 8595)
   defining Unicode char U+2329 (decimal 9001)
   defining Unicode char U+232A (decimal 9002)
   defining Unicode char U+2422 (decimal 9250)
   defining Unicode char U+25E6 (decimal 9702)
   defining Unicode char U+25EF (decimal 9711)
   defining Unicode char U+266A (decimal 9834)
))
LaTeX Info: Redefining \oldstylenums on input line 334.
Package textcomp Info: Setting cmr sub-encoding to TS1/0 on input line 349.
Package textcomp Info: Setting cmss sub-encoding to TS1/0 on input line 350.
Package textcomp Info: Setting cmtt sub-encoding to TS1/0 on input line 351.
Package textcomp Info: Setting cmvtt sub-encoding to TS1/0 on input line 352.
Package textcomp Info: Setting cmbr sub-encoding to TS1/0 on input line 353.
Package textcomp Info: Setting cmtl sub-encoding to TS1/0 on input line 354.
Package textcomp Info: Setting ccr sub-encoding to TS1/0 on input line 355.
Package textcomp Info: Setting ptm sub-encoding to TS1/4 on input line 356.
Package textcomp Info: Setting pcr sub-encoding to TS1/4 on input line 357.
Package textcomp Info: Setting phv sub-encoding to TS1/4 on input line 358.
Package textcomp Info: Setting ppl sub-encoding to TS1/3 on input line 359.
Package textcomp Info: Setting pag sub-encoding to TS1/4 on input line 360.
Package textcomp Info: Setting pbk sub-encoding to TS1/4 on input line 361.
Package textcomp Info: Setting pnc sub-encoding to TS1/4 on input line 362.
Package textcomp Info: Setting pzc sub-encoding to TS1/4 on input line 363.
Package textcomp Info: Setting bch sub-encoding to TS1/4 on input line 364.
Package textcomp Info: Setting put sub-encoding to TS1/5 on input line 365.
Package textcomp Info: Setting uag sub-encoding to TS1/5 on input line 366.
Package textcomp Info: Setting ugq sub-encoding to TS1/5 on input line 367.
Package textcomp Info: Setting ul8 sub-encoding to TS1/4 on input line 368.
Package textcomp Info: Setting ul9 sub-encoding to TS1/4 on input line 369.
Package textcomp Info: Setting augie sub-encoding to TS1/5 on input line 370.
Package textcomp Info: Setting dayrom sub-encoding to TS1/3 on input line 371.
Package textcomp Info: Setting dayroms sub-encoding to TS1/3 on input line 372.

Package textcomp Info: Setting pxr sub-encoding to TS1/0 on input line 373.
Package textcomp Info: Setting pxss sub-encoding to TS1/0 on input line 374.
Package textcomp Info: Setting pxtt sub-encoding to TS1/0 on input line 375.
Package textcomp Info: Setting txr sub-encoding to TS1/0 on input line 376.
Package textcomp Info: Setting txss sub-encoding to TS1/0 on input line 377.
Package textcomp Info: Setting txtt sub-encoding to TS1/0 on input line 378.
Package textcomp Info: Setting lmr sub-encoding to TS1/0 on input line 379.
Package textcomp Info: Setting lmdh sub-encoding to TS1/0 on input line 380.
Package textcomp Info: Setting lmss sub-encoding to TS1/0 on input line 381.
Package textcomp Info: Setting lmssq sub-encoding to TS1/0 on input line 382.
Package textcomp Info: Setting lmvtt sub-encoding to TS1/0 on input line 383.
Package textcomp Info: Setting lmtt sub-encoding to TS1/0 on input line 384.
Package textcomp Info: Setting qhv sub-encoding to TS1/0 on input line 385.
Package textcomp Info: Setting qag sub-encoding to TS1/0 on input line 386.
Package textcomp Info: Setting qbk sub-encoding to TS1/0 on input line 387.
Package textcomp Info: Setting qcr sub-encoding to TS1/0 on input line 388.
Package textcomp Info: Setting qcs sub-encoding to TS1/0 on input line 389.
Package textcomp Info: Setting qpl sub-encoding to TS1/0 on input line 390.
Package textcomp Info: Setting qtm sub-encoding to TS1/0 on input line 391.
Package textcomp Info: Setting qzc sub-encoding to TS1/0 on input line 392.
Package textcomp Info: Setting qhvc sub-encoding to TS1/0 on input line 393.
Package textcomp Info: Setting futs sub-encoding to TS1/4 on input line 394.
Package textcomp Info: Setting futx sub-encoding to TS1/4 on input line 395.
Package textcomp Info: Setting futj sub-encoding to TS1/4 on input line 396.
Package textcomp Info: Setting hlh sub-encoding to TS1/3 on input line 397.
Package textcomp Info: Setting hls sub-encoding to TS1/3 on input line 398.
Package textcomp Info: Setting hlst sub-encoding to TS1/3 on input line 399.
Package textcomp Info: Setting hlct sub-encoding to TS1/5 on input line 400.
Package textcomp Info: Setting hlx sub-encoding to TS1/5 on input line 401.
Package textcomp Info: Setting hlce sub-encoding to TS1/5 on input line 402.
Package textcomp Info: Setting hlcn sub-encoding to TS1/5 on input line 403.
Package textcomp Info: Setting hlcw sub-encoding to TS1/5 on input line 404.
Package textcomp Info: Setting hlcf sub-encoding to TS1/5 on input line 405.
Package textcomp Info: Setting pplx sub-encoding to TS1/3 on input line 406.
Package textcomp Info: Setting pplj sub-encoding to TS1/3 on input line 407.
Package textcomp Info: Setting ptmx sub-encoding to TS1/4 on input line 408.
Package textcomp Info: Setting ptmj sub-encoding to TS1/4 on input line 409.
)
Package textcomp Info: Setting udidot sub-encoding to TS1/0 on input line 136.

Loading the definitions for the Greek font encoding
(C:\Users\reidm\AppData\Roaming\MiKTeX\2.9\tex\latex\greek-fontenc\lgrenc.def
File: lgrenc.def 2019/07/09 v0.13.3 LGR Greek font encoding definitions
Now handling font encoding LGR ...
... no UTF-8 mapping file for font encoding LGR

(C:\Users\reidm\AppData\Roaming\MiKTeX\2.9\tex\latex\greek-fontenc\greek-fonten
c.def
File: greek-fontenc.def 2015/08/04 v0.13.4 Common Greek font encoding definitio
ns
)))
(C:\Users\reidm\AppData\Roaming\MiKTeX\2.9\tex\latex\microtype\microtype.sty
Package: microtype 2018/01/14 v2.7a Micro-typographical refinements (RS)
\MT@toks=\toks26
\MT@count=\count97
LaTeX Info: Redefining \textls on input line 793.
\MT@outer@kern=\dimen125
LaTeX Info: Redefining \textmicrotypecontext on input line 1339.
\MT@listname@count=\count98

(C:\Users\reidm\AppData\Roaming\MiKTeX\2.9\tex\latex\microtype\microtype-pdftex
.def
File: microtype-pdftex.def 2018/01/14 v2.7a Definitions specific to pdftex (RS)

LaTeX Info: Redefining \lsstyle on input line 913.
LaTeX Info: Redefining \lslig on input line 913.
\MT@outer@space=\skip50
)
Package microtype Info: Loading configuration file microtype.cfg.

(C:\Users\reidm\AppData\Roaming\MiKTeX\2.9\tex\latex\microtype\microtype.cfg
File: microtype.cfg 2018/01/14 v2.7a microtype main configuration file (RS)
))
(C:\Users\reidm\AppData\Roaming\MiKTeX\2.9\tex\latex\appendix\appendix.sty
Package: appendix 2009/09/02 v1.2b extra appendix facilities
\c@@pps=\count99
\c@@ppsavesec=\count100
\c@@ppsaveapp=\count101
)
(C:\Users\reidm\AppData\Roaming\MiKTeX\2.9\tex\latex\fancyhdr\fancyhdr.sty
Package: fancyhdr 2017/06/30 v3.9a Extensive control of page headers and footer
s
\f@nch@headwidth=\skip51
\f@nch@O@elh=\skip52
\f@nch@O@erh=\skip53
\f@nch@O@olh=\skip54
\f@nch@O@orh=\skip55
\f@nch@O@elf=\skip56
\f@nch@O@erf=\skip57
\f@nch@O@olf=\skip58
\f@nch@O@orf=\skip59
)
("C:\Program Files\MiKTeX 2.9\tex\latex\float\float.sty"
Package: float 2001/11/08 v1.3d Float enhancements (AL)
\c@float@type=\count102
\float@exts=\toks27
\float@box=\box31
\@float@everytoks=\toks28
\@floatcapt=\box32
)
("C:\Program Files\MiKTeX 2.9\tex\latex\geometry\geometry.sty"
Package: geometry 2010/09/12 v5.6 Page Geometry

("C:\Program Files\MiKTeX 2.9\tex\generic\oberdiek\ifvtex.sty"
Package: ifvtex 2016/05/16 v1.6 Detect VTeX and its facilities (HO)
Package ifvtex Info: VTeX not detected.
)
("C:\Program Files\MiKTeX 2.9\tex\generic\ifxetex\ifxetex.sty"
Package: ifxetex 2010/09/12 v0.6 Provides ifxetex conditional
)
\Gm@cnth=\count103
\Gm@cntv=\count104
\c@Gm@tempcnt=\count105
\Gm@bindingoffset=\dimen126
\Gm@wd@mp=\dimen127
\Gm@odd@mp=\dimen128
\Gm@even@mp=\dimen129
\Gm@layoutwidth=\dimen130
\Gm@layoutheight=\dimen131
\Gm@layouthoffset=\dimen132
\Gm@layoutvoffset=\dimen133
\Gm@dimlist=\toks29

("C:\Program Files\MiKTeX 2.9\tex\latex\geometry\geometry.cfg"))
(C:\Users\reidm\AppData\Roaming\MiKTeX\2.9\tex\latex\environ\environ.sty
Package: environ 2014/05/04 v0.3 A new way to define environments

(C:\Users\reidm\AppData\Roaming\MiKTeX\2.9\tex\latex\trimspaces\trimspaces.sty
Package: trimspaces 2009/09/17 v1.1 Trim spaces around a token list
)
\@envbody=\toks30
) ("C:\Program Files\MiKTeX 2.9\tex\latex\ltxmisc\varwidth.sty"
Package: varwidth 2009/03/30 ver 0.92;  Variable-width minipages
\@vwid@box=\box33
\sift@deathcycles=\count106
\@vwid@loff=\dimen134
\@vwid@roff=\dimen135
)
(C:\Users\reidm\AppData\Roaming\MiKTeX\2.9\tex\latex\pgf\frontendlayer\tikz.sty
(C:\Users\reidm\AppData\Roaming\MiKTeX\2.9\tex\latex\pgf\basiclayer\pgf.sty
(C:\Users\reidm\AppData\Roaming\MiKTeX\2.9\tex\latex\pgf\utilities\pgfrcs.sty
(C:\Users\reidm\AppData\Roaming\MiKTeX\2.9\tex\generic\pgf\utilities\pgfutil-co
mmon.tex
\pgfutil@everybye=\toks31
\pgfutil@tempdima=\dimen136
\pgfutil@tempdimb=\dimen137

(C:\Users\reidm\AppData\Roaming\MiKTeX\2.9\tex\generic\pgf\utilities\pgfutil-co
mmon-lists.tex))
(C:\Users\reidm\AppData\Roaming\MiKTeX\2.9\tex\generic\pgf\utilities\pgfutil-la
tex.def
\pgfutil@abb=\box34
 (C:\Users\reidm\AppData\Roaming\MiKTeX\2.9\tex\latex\ms\everyshi.sty
Package: everyshi 2001/05/15 v3.00 EveryShipout Package (MS)
))
(C:\Users\reidm\AppData\Roaming\MiKTeX\2.9\tex\generic\pgf\utilities\pgfrcs.cod
e.tex
(C:\Users\reidm\AppData\Roaming\MiKTeX\2.9\tex\generic\pgf\pgf.revision.tex)
Package: pgfrcs 2019/08/03 v3.1.4b (3.1.4b)
))
Package: pgf 2019/08/03 v3.1.4b (3.1.4b)

(C:\Users\reidm\AppData\Roaming\MiKTeX\2.9\tex\latex\pgf\basiclayer\pgfcore.sty

(C:\Users\reidm\AppData\Roaming\MiKTeX\2.9\tex\latex\pgf\systemlayer\pgfsys.sty

(C:\Users\reidm\AppData\Roaming\MiKTeX\2.9\tex\generic\pgf\systemlayer\pgfsys.c
ode.tex
Package: pgfsys 2019/08/03 v3.1.4b (3.1.4b)

(C:\Users\reidm\AppData\Roaming\MiKTeX\2.9\tex\generic\pgf\utilities\pgfkeys.co
de.tex
\pgfkeys@pathtoks=\toks32
\pgfkeys@temptoks=\toks33

(C:\Users\reidm\AppData\Roaming\MiKTeX\2.9\tex\generic\pgf\utilities\pgfkeysfil
tered.code.tex
\pgfkeys@tmptoks=\toks34
))
\pgf@x=\dimen138
\pgf@y=\dimen139
\pgf@xa=\dimen140
\pgf@ya=\dimen141
\pgf@xb=\dimen142
\pgf@yb=\dimen143
\pgf@xc=\dimen144
\pgf@yc=\dimen145
\pgf@xd=\dimen146
\pgf@yd=\dimen147
\w@pgf@writea=\write3
\r@pgf@reada=\read1
\c@pgf@counta=\count107
\c@pgf@countb=\count108
\c@pgf@countc=\count109
\c@pgf@countd=\count110
\t@pgf@toka=\toks35
\t@pgf@tokb=\toks36
\t@pgf@tokc=\toks37
\pgf@sys@id@count=\count111

(C:\Users\reidm\AppData\Roaming\MiKTeX\2.9\tex\generic\pgf\systemlayer\pgf.cfg
File: pgf.cfg 2019/08/03 v3.1.4b (3.1.4b)
)
Driver file for pgf: pgfsys-pdftex.def

(C:\Users\reidm\AppData\Roaming\MiKTeX\2.9\tex\generic\pgf\systemlayer\pgfsys-p
dftex.def
File: pgfsys-pdftex.def 2019/08/03 v3.1.4b (3.1.4b)

(C:\Users\reidm\AppData\Roaming\MiKTeX\2.9\tex\generic\pgf\systemlayer\pgfsys-c
ommon-pdf.def
File: pgfsys-common-pdf.def 2019/08/03 v3.1.4b (3.1.4b)
)))
(C:\Users\reidm\AppData\Roaming\MiKTeX\2.9\tex\generic\pgf\systemlayer\pgfsysso
ftpath.code.tex
File: pgfsyssoftpath.code.tex 2019/08/03 v3.1.4b (3.1.4b)
\pgfsyssoftpath@smallbuffer@items=\count112
\pgfsyssoftpath@bigbuffer@items=\count113
)
(C:\Users\reidm\AppData\Roaming\MiKTeX\2.9\tex\generic\pgf\systemlayer\pgfsyspr
otocol.code.tex
File: pgfsysprotocol.code.tex 2019/08/03 v3.1.4b (3.1.4b)
))
(C:\Users\reidm\AppData\Roaming\MiKTeX\2.9\tex\generic\pgf\basiclayer\pgfcore.c
ode.tex
Package: pgfcore 2019/08/03 v3.1.4b (3.1.4b)

(C:\Users\reidm\AppData\Roaming\MiKTeX\2.9\tex\generic\pgf\math\pgfmath.code.te
x
(C:\Users\reidm\AppData\Roaming\MiKTeX\2.9\tex\generic\pgf\math\pgfmathcalc.cod
e.tex
(C:\Users\reidm\AppData\Roaming\MiKTeX\2.9\tex\generic\pgf\math\pgfmathutil.cod
e.tex)
(C:\Users\reidm\AppData\Roaming\MiKTeX\2.9\tex\generic\pgf\math\pgfmathparser.c
ode.tex
\pgfmath@dimen=\dimen148
\pgfmath@count=\count114
\pgfmath@box=\box35
\pgfmath@toks=\toks38
\pgfmath@stack@operand=\toks39
\pgfmath@stack@operation=\toks40
)
(C:\Users\reidm\AppData\Roaming\MiKTeX\2.9\tex\generic\pgf\math\pgfmathfunction
s.code.tex
(C:\Users\reidm\AppData\Roaming\MiKTeX\2.9\tex\generic\pgf\math\pgfmathfunction
s.basic.code.tex)
(C:\Users\reidm\AppData\Roaming\MiKTeX\2.9\tex\generic\pgf\math\pgfmathfunction
s.trigonometric.code.tex)
(C:\Users\reidm\AppData\Roaming\MiKTeX\2.9\tex\generic\pgf\math\pgfmathfunction
s.random.code.tex)
(C:\Users\reidm\AppData\Roaming\MiKTeX\2.9\tex\generic\pgf\math\pgfmathfunction
s.comparison.code.tex)
(C:\Users\reidm\AppData\Roaming\MiKTeX\2.9\tex\generic\pgf\math\pgfmathfunction
s.base.code.tex)
(C:\Users\reidm\AppData\Roaming\MiKTeX\2.9\tex\generic\pgf\math\pgfmathfunction
s.round.code.tex)
(C:\Users\reidm\AppData\Roaming\MiKTeX\2.9\tex\generic\pgf\math\pgfmathfunction
s.misc.code.tex)
(C:\Users\reidm\AppData\Roaming\MiKTeX\2.9\tex\generic\pgf\math\pgfmathfunction
s.integerarithmetics.code.tex)))
(C:\Users\reidm\AppData\Roaming\MiKTeX\2.9\tex\generic\pgf\math\pgfmathfloat.co
de.tex
\c@pgfmathroundto@lastzeros=\count115
))
(C:\Users\reidm\AppData\Roaming\MiKTeX\2.9\tex\generic\pgf\math\pgfint.code.tex
)
(C:\Users\reidm\AppData\Roaming\MiKTeX\2.9\tex\generic\pgf\basiclayer\pgfcorepo
ints.code.tex
File: pgfcorepoints.code.tex 2019/08/03 v3.1.4b (3.1.4b)
\pgf@picminx=\dimen149
\pgf@picmaxx=\dimen150
\pgf@picminy=\dimen151
\pgf@picmaxy=\dimen152
\pgf@pathminx=\dimen153
\pgf@pathmaxx=\dimen154
\pgf@pathminy=\dimen155
\pgf@pathmaxy=\dimen156
\pgf@xx=\dimen157
\pgf@xy=\dimen158
\pgf@yx=\dimen159
\pgf@yy=\dimen160
\pgf@zx=\dimen161
\pgf@zy=\dimen162
)
(C:\Users\reidm\AppData\Roaming\MiKTeX\2.9\tex\generic\pgf\basiclayer\pgfcorepa
thconstruct.code.tex
File: pgfcorepathconstruct.code.tex 2019/08/03 v3.1.4b (3.1.4b)
\pgf@path@lastx=\dimen163
\pgf@path@lasty=\dimen164
)
(C:\Users\reidm\AppData\Roaming\MiKTeX\2.9\tex\generic\pgf\basiclayer\pgfcorepa
thusage.code.tex
File: pgfcorepathusage.code.tex 2019/08/03 v3.1.4b (3.1.4b)
\pgf@shorten@end@additional=\dimen165
\pgf@shorten@start@additional=\dimen166
)
(C:\Users\reidm\AppData\Roaming\MiKTeX\2.9\tex\generic\pgf\basiclayer\pgfcoresc
opes.code.tex
File: pgfcorescopes.code.tex 2019/08/03 v3.1.4b (3.1.4b)
\pgfpic=\box36
\pgf@hbox=\box37
\pgf@layerbox@main=\box38
\pgf@picture@serial@count=\count116
)
(C:\Users\reidm\AppData\Roaming\MiKTeX\2.9\tex\generic\pgf\basiclayer\pgfcoregr
aphicstate.code.tex
File: pgfcoregraphicstate.code.tex 2019/08/03 v3.1.4b (3.1.4b)
\pgflinewidth=\dimen167
)
(C:\Users\reidm\AppData\Roaming\MiKTeX\2.9\tex\generic\pgf\basiclayer\pgfcoretr
ansformations.code.tex
File: pgfcoretransformations.code.tex 2019/08/03 v3.1.4b (3.1.4b)
\pgf@pt@x=\dimen168
\pgf@pt@y=\dimen169
\pgf@pt@temp=\dimen170
)
(C:\Users\reidm\AppData\Roaming\MiKTeX\2.9\tex\generic\pgf\basiclayer\pgfcorequ
ick.code.tex
File: pgfcorequick.code.tex 2019/08/03 v3.1.4b (3.1.4b)
)
(C:\Users\reidm\AppData\Roaming\MiKTeX\2.9\tex\generic\pgf\basiclayer\pgfcoreob
jects.code.tex
File: pgfcoreobjects.code.tex 2019/08/03 v3.1.4b (3.1.4b)
)
(C:\Users\reidm\AppData\Roaming\MiKTeX\2.9\tex\generic\pgf\basiclayer\pgfcorepa
thprocessing.code.tex
File: pgfcorepathprocessing.code.tex 2019/08/03 v3.1.4b (3.1.4b)
)
(C:\Users\reidm\AppData\Roaming\MiKTeX\2.9\tex\generic\pgf\basiclayer\pgfcorear
rows.code.tex
File: pgfcorearrows.code.tex 2019/08/03 v3.1.4b (3.1.4b)
\pgfarrowsep=\dimen171
)
(C:\Users\reidm\AppData\Roaming\MiKTeX\2.9\tex\generic\pgf\basiclayer\pgfcoresh
ade.code.tex
File: pgfcoreshade.code.tex 2019/08/03 v3.1.4b (3.1.4b)
\pgf@max=\dimen172
\pgf@sys@shading@range@num=\count117
\pgf@shadingcount=\count118
)
(C:\Users\reidm\AppData\Roaming\MiKTeX\2.9\tex\generic\pgf\basiclayer\pgfcoreim
age.code.tex
File: pgfcoreimage.code.tex 2019/08/03 v3.1.4b (3.1.4b)

(C:\Users\reidm\AppData\Roaming\MiKTeX\2.9\tex\generic\pgf\basiclayer\pgfcoreex
ternal.code.tex
File: pgfcoreexternal.code.tex 2019/08/03 v3.1.4b (3.1.4b)
\pgfexternal@startupbox=\box39
))
(C:\Users\reidm\AppData\Roaming\MiKTeX\2.9\tex\generic\pgf\basiclayer\pgfcorela
yers.code.tex
File: pgfcorelayers.code.tex 2019/08/03 v3.1.4b (3.1.4b)
)
(C:\Users\reidm\AppData\Roaming\MiKTeX\2.9\tex\generic\pgf\basiclayer\pgfcoretr
ansparency.code.tex
File: pgfcoretransparency.code.tex 2019/08/03 v3.1.4b (3.1.4b)
)
(C:\Users\reidm\AppData\Roaming\MiKTeX\2.9\tex\generic\pgf\basiclayer\pgfcorepa
tterns.code.tex
File: pgfcorepatterns.code.tex 2019/08/03 v3.1.4b (3.1.4b)
)
(C:\Users\reidm\AppData\Roaming\MiKTeX\2.9\tex\generic\pgf\basiclayer\pgfcorerd
f.code.tex
File: pgfcorerdf.code.tex 2019/08/03 v3.1.4b (3.1.4b)
)))
(C:\Users\reidm\AppData\Roaming\MiKTeX\2.9\tex\generic\pgf\modules\pgfmodulesha
pes.code.tex
File: pgfmoduleshapes.code.tex 2019/08/03 v3.1.4b (3.1.4b)
\pgfnodeparttextbox=\box40
)
(C:\Users\reidm\AppData\Roaming\MiKTeX\2.9\tex\generic\pgf\modules\pgfmoduleplo
t.code.tex
File: pgfmoduleplot.code.tex 2019/08/03 v3.1.4b (3.1.4b)
)
(C:\Users\reidm\AppData\Roaming\MiKTeX\2.9\tex\latex\pgf\compatibility\pgfcomp-
version-0-65.sty
Package: pgfcomp-version-0-65 2019/08/03 v3.1.4b (3.1.4b)
\pgf@nodesepstart=\dimen173
\pgf@nodesepend=\dimen174
)
(C:\Users\reidm\AppData\Roaming\MiKTeX\2.9\tex\latex\pgf\compatibility\pgfcomp-
version-1-18.sty
Package: pgfcomp-version-1-18 2019/08/03 v3.1.4b (3.1.4b)
))
(C:\Users\reidm\AppData\Roaming\MiKTeX\2.9\tex\latex\pgf\utilities\pgffor.sty
(C:\Users\reidm\AppData\Roaming\MiKTeX\2.9\tex\latex\pgf\utilities\pgfkeys.sty
(C:\Users\reidm\AppData\Roaming\MiKTeX\2.9\tex\generic\pgf\utilities\pgfkeys.co
de.tex))
(C:\Users\reidm\AppData\Roaming\MiKTeX\2.9\tex\latex\pgf\math\pgfmath.sty
(C:\Users\reidm\AppData\Roaming\MiKTeX\2.9\tex\generic\pgf\math\pgfmath.code.te
x))
(C:\Users\reidm\AppData\Roaming\MiKTeX\2.9\tex\generic\pgf\utilities\pgffor.cod
e.tex
Package: pgffor 2019/08/03 v3.1.4b (3.1.4b)

(C:\Users\reidm\AppData\Roaming\MiKTeX\2.9\tex\generic\pgf\math\pgfmath.code.te
x)
\pgffor@iter=\dimen175
\pgffor@skip=\dimen176
\pgffor@stack=\toks41
\pgffor@toks=\toks42
))
(C:\Users\reidm\AppData\Roaming\MiKTeX\2.9\tex\generic\pgf\frontendlayer\tikz\t
ikz.code.tex
Package: tikz 2019/08/03 v3.1.4b (3.1.4b)

(C:\Users\reidm\AppData\Roaming\MiKTeX\2.9\tex\generic\pgf\libraries\pgflibrary
plothandlers.code.tex
File: pgflibraryplothandlers.code.tex 2019/08/03 v3.1.4b (3.1.4b)
\pgf@plot@mark@count=\count119
\pgfplotmarksize=\dimen177
)
\tikz@lastx=\dimen178
\tikz@lasty=\dimen179
\tikz@lastxsaved=\dimen180
\tikz@lastysaved=\dimen181
\tikz@lastmovetox=\dimen182
\tikz@lastmovetoy=\dimen183
\tikzleveldistance=\dimen184
\tikzsiblingdistance=\dimen185
\tikz@figbox=\box41
\tikz@figbox@bg=\box42
\tikz@tempbox=\box43
\tikz@tempbox@bg=\box44
\tikztreelevel=\count120
\tikznumberofchildren=\count121
\tikznumberofcurrentchild=\count122
\tikz@fig@count=\count123

(C:\Users\reidm\AppData\Roaming\MiKTeX\2.9\tex\generic\pgf\modules\pgfmodulemat
rix.code.tex
File: pgfmodulematrix.code.tex 2019/08/03 v3.1.4b (3.1.4b)
\pgfmatrixcurrentrow=\count124
\pgfmatrixcurrentcolumn=\count125
\pgf@matrix@numberofcolumns=\count126
)
\tikz@expandcount=\count127

(C:\Users\reidm\AppData\Roaming\MiKTeX\2.9\tex\generic\pgf\frontendlayer\tikz\l
ibraries\tikzlibrarytopaths.code.tex
File: tikzlibrarytopaths.code.tex 2019/08/03 v3.1.4b (3.1.4b)
)))
(C:\Users\reidm\AppData\Roaming\MiKTeX\2.9\tex\generic\pgf\frontendlayer\tikz\l
ibraries\tikzlibrarytrees.code.tex
File: tikzlibrarytrees.code.tex 2019/08/03 v3.1.4b (3.1.4b)
)
(C:\Users\reidm\AppData\Roaming\MiKTeX\2.9\tex\generic\pgf\frontendlayer\tikz\l
ibraries\tikzlibraryshapes.geometric.code.tex
File: tikzlibraryshapes.geometric.code.tex 2019/08/03 v3.1.4b (3.1.4b)

(C:\Users\reidm\AppData\Roaming\MiKTeX\2.9\tex\generic\pgf\libraries\shapes\pgf
libraryshapes.geometric.code.tex
File: pgflibraryshapes.geometric.code.tex 2019/08/03 v3.1.4b (3.1.4b)
))
(C:\Users\reidm\AppData\Roaming\MiKTeX\2.9\tex\generic\pgf\frontendlayer\tikz\l
ibraries\tikzlibraryarrows.code.tex
File: tikzlibraryarrows.code.tex 2019/08/03 v3.1.4b (3.1.4b)

(C:\Users\reidm\AppData\Roaming\MiKTeX\2.9\tex\generic\pgf\libraries\pgflibrary
arrows.code.tex
File: pgflibraryarrows.code.tex 2019/08/03 v3.1.4b (3.1.4b)
\arrowsize=\dimen186
))
No file main.aux.
\openout1 = `main.aux'.

(C:\Users\reidm\AppData\Roaming\MiKTeX\2.9\tex\latex\pxfonts\omlpxmi.fd
File: omlpxmi.fd 2000/12/14 v1.0
)
(C:\Users\reidm\AppData\Roaming\MiKTeX\2.9\tex\latex\pxfonts\omspxsy.fd
File: omspxsy.fd 2000/12/14 v1.0
)
(C:\Users\reidm\AppData\Roaming\MiKTeX\2.9\tex\latex\pxfonts\omxpxex.fd
File: omxpxex.fd 2000/12/14 v1.0
)
(C:\Users\reidm\AppData\Roaming\MiKTeX\2.9\tex\latex\pxfonts\upxexa.fd
File: upxexa.fd 2000/12/14 v1.0
)
("C:\Program Files\MiKTeX 2.9\tex\latex\base\ts1cmr.fd"
File: ts1cmr.fd 2014/09/29 v2.5h Standard LaTeX font definitions
)
(C:\Users\reidm\AppData\Roaming\MiKTeX\2.9\tex\latex\cbfonts-fd\lgrcmr.fd
File: lgrcmr.fd 2017/07/29 v1.2 Greek European Computer Regular
)
(C:\Users\reidm\AppData\Roaming\MiKTeX\2.9\tex\latex\gfsdidot\ot1udidot.fd)
(C:\Users\reidm\AppData\Roaming\MiKTeX\2.9\tex\context\base\supp-pdf.mkii
[Loading MPS to PDF converter (version 2006.09.02).]
\scratchcounter=\count128
\scratchdimen=\dimen187
\scratchbox=\box45
\nofMPsegments=\count129
\nofMParguments=\count130
\everyMPshowfont=\toks43
\MPscratchCnt=\count131
\MPscratchDim=\dimen188
\MPnumerator=\count132
\makeMPintoPDFobject=\count133
\everyMPtoPDFconversion=\toks44
) ("C:\Program Files\MiKTeX 2.9\tex\latex\oberdiek\epstopdf-base.sty"
Package: epstopdf-base 2016/05/15 v2.6 Base part for package epstopdf

("C:\Program Files\MiKTeX 2.9\tex\latex\oberdiek\grfext.sty"
Package: grfext 2016/05/16 v1.2 Manage graphics extensions (HO)

("C:\Program Files\MiKTeX 2.9\tex\generic\oberdiek\kvdefinekeys.sty"
Package: kvdefinekeys 2016/05/16 v1.4 Define keys (HO)
))
("C:\Program Files\MiKTeX 2.9\tex\latex\oberdiek\kvoptions.sty"
Package: kvoptions 2016/05/16 v3.12 Key value format for package options (HO)

("C:\Program Files\MiKTeX 2.9\tex\generic\oberdiek\kvsetkeys.sty"
Package: kvsetkeys 2016/05/16 v1.17 Key value parser (HO)

("C:\Program Files\MiKTeX 2.9\tex\generic\oberdiek\etexcmds.sty"
Package: etexcmds 2016/05/16 v1.6 Avoid name clashes with e-TeX commands (HO)

("C:\Program Files\MiKTeX 2.9\tex\generic\oberdiek\ifluatex.sty"
Package: ifluatex 2016/05/16 v1.4 Provides the ifluatex switch (HO)
Package ifluatex Info: LuaTeX not detected.
)
Package etexcmds Info: Could not find \expanded.
(etexcmds)             That can mean that you are not using pdfTeX 1.50 or
(etexcmds)             that some package has redefined \expanded.
(etexcmds)             In the latter case, load this package earlier.
)))
("C:\Program Files\MiKTeX 2.9\tex\generic\oberdiek\pdftexcmds.sty"
Package: pdftexcmds 2017/03/19 v0.25 Utility functions of pdfTeX for LuaTeX (HO
)
Package pdftexcmds Info: LuaTeX not detected.
Package pdftexcmds Info: \pdf@primitive is available.
Package pdftexcmds Info: \pdf@ifprimitive is available.
Package pdftexcmds Info: \pdfdraftmode found.
)
Package epstopdf-base Info: Redefining graphics rule for `.eps' on input line 4
38.
Package grfext Info: Graphics extension search list:
(grfext)             [.pdf,.png,.jpg,.mps,.jpeg,.jbig2,.jb2,.PDF,.PNG,.JPG,.JPE
G,.JBIG2,.JB2,.eps]
(grfext)             \AppendGraphicsExtensions on input line 456.
)
Package caption Info: Begin \AtBeginDocument code.
Package caption Info: float package is loaded.
Package caption Info: longtable package is loaded.

(C:\Users\reidm\AppData\Roaming\MiKTeX\2.9\tex\latex\caption\ltcaption.sty
Package: ltcaption 2013/06/09 v1.4-94 longtable captions (AR)
)
Package caption Info: wrapfig package is loaded.
Package caption Info: End \AtBeginDocument code.
\AtBeginShipoutBox=\box46
LaTeX Info: Redefining \microtypecontext on input line 50.
Package microtype Info: Generating PDF output.
Package microtype Info: Character protrusion enabled (level 2).
Package microtype Info: Using default protrusion set `alltext'.
Package microtype Info: Automatic font expansion enabled (level 2),
(microtype)             stretch: 20, shrink: 20, step: 1, non-selected.
Package microtype Info: Using default expansion set `basictext'.
Package microtype Info: No adjustment of tracking.
Package microtype Info: No adjustment of interword spacing.
Package microtype Info: No adjustment of character kerning.
Package microtype Info: Loading generic protrusion settings for font family
(microtype)             `udidot' (encoding: OT1).
(microtype)             For optimal results, create family-specific settings.
(microtype)             See the microtype manual for details.

*geometry* driver: auto-detecting
*geometry* detected driver: pdftex
*geometry* verbose mode - [ preamble ] result:
* driver: pdftex
* paper: letterpaper
* layout: <same size as paper>
* layoutoffset:(h,v)=(0.0pt,0.0pt)
* modes: 
* h-part:(L,W,R)=(56.9055pt, 500.484pt, 56.9055pt)
* v-part:(T,H,B)=(56.9055pt, 659.81941pt, 78.24507pt)
* \paperwidth=614.295pt
* \paperheight=794.96999pt
* \textwidth=500.484pt
* \textheight=659.81941pt
* \oddsidemargin=-15.36449pt
* \evensidemargin=-15.36449pt
* \topmargin=-52.36449pt
* \headheight=12.0pt
* \headsep=25.0pt
* \topskip=10.0pt
* \footskip=30.0pt
* \marginparwidth=65.0pt
* \marginparsep=11.0pt
* \columnsep=10.0pt
* \skip\footins=9.0pt plus 4.0pt minus 2.0pt
* \hoffset=0.0pt
* \voffset=0.0pt
* \mag=1000
* \@twocolumnfalse
* \@twosidefalse
* \@mparswitchfalse
* \@reversemarginfalse
* (1in=72.27pt=25.4mm, 1cm=28.453pt)

ABD: EveryShipout initializing macros
<./images/ans_sc_logo3.png, id=4, 504.88625pt x 498.86375pt>
File: ./images/ans_sc_logo3.png Graphic file (type png)
<use ./images/ans_sc_logo3.png>
Package pdftex.def Info: ./images/ans_sc_logo3.png  used on input line 69. on i
nput line 69.
Package pdftex.def Info: Requested size: 200.19054pt x 197.80641pt on input lin
e 69.
<./images/earth1.png, id=6, 2307.62125pt x 2992.17876pt>
File: ./images/earth1.png Graphic file (type png)
<use ./images/earth1.png>
Package pdftex.def Info: ./images/earth1.png  used on input line 77. on input l
ine 77.
Package pdftex.def Info: Requested size: 2307.61563pt x 2992.1715pt on input li
ne 77.
 [1

{C:/Users/reidm/AppData/Local/MiKTeX/2.9/pdftex/config/pdftex.map} <./images/ea
rth1.png> <./images/ans_sc_logo3.png>]
(letter.tex)
<images/ansuiuc.png, id=14, 436.63126pt x 116.435pt>
File: images/ansuiuc.png Graphic file (type png)
<use images/ansuiuc.png>
Package pdftex.def Info: images/ansuiuc.png  used on input line 91. on input li
ne 91.
Package pdftex.def Info: Requested size: 135.50752pt x 36.135pt on input line 9
1.
<images/illinoislogo.png, id=15, 196.735pt x 257.96375pt>
File: images/illinoislogo.png Graphic file (type png)
<use images/illinoislogo.png>
Package pdftex.def Info: images/illinoislogo.png  used on input line 91. on inp
ut line 91.
Package pdftex.def Info: Requested size: 27.55771pt x 36.135pt on input line 91
.


Package Fancyhdr Warning: \headheight is too small (12.0pt): 
 Make it at least 39.73503pt.
 We now make it that large for the rest of the document.
 This may cause the page layout to be inconsistent, however.

[1

 <./images/ansuiuc.png> <./images/illinoislogo.png>]
No file main.toc.
\tf@toc=\write4
\openout4 = `main.toc'.

File: images/ansuiuc.png Graphic file (type png)
<use images/ansuiuc.png>
Package pdftex.def Info: images/ansuiuc.png  used on input line 93. on input li
ne 93.
Package pdftex.def Info: Requested size: 135.50752pt x 36.135pt on input line 9
3.
File: images/illinoislogo.png Graphic file (type png)
<use images/illinoislogo.png>
Package pdftex.def Info: images/illinoislogo.png  used on input line 93. on inp
ut line 93.
Package pdftex.def Info: Requested size: 27.55771pt x 36.135pt on input line 93
.
[2] (theme.tex
Underfull \hbox (badness 10000) in paragraph at lines 2--5

 []

)
File: images/ansuiuc.png Graphic file (type png)
<use images/ansuiuc.png>
Package pdftex.def Info: images/ansuiuc.png  used on input line 96. on input li
ne 96.
Package pdftex.def Info: Requested size: 135.50752pt x 36.135pt on input line 9
6.
File: images/illinoislogo.png Graphic file (type png)
<use images/illinoislogo.png>
Package pdftex.def Info: images/illinoislogo.png  used on input line 96. on inp
ut line 96.
Package pdftex.def Info: Requested size: 27.55771pt x 36.135pt on input line 96
.
 [3] (uiuc.tex
(C:\Users\reidm\AppData\Roaming\MiKTeX\2.9\tex\latex\gfsdidot\omludidot.fd)
(C:\Users\reidm\AppData\Roaming\MiKTeX\2.9\tex\latex\pxfonts\ot1pxr.fd
File: ot1pxr.fd 2000/12/14 v1.0
)
(C:\Users\reidm\AppData\Roaming\MiKTeX\2.9\tex\latex\microtype\mt-ppl.cfg
File: mt-ppl.cfg 2005/11/16 v1.6 microtype config. file: Palatino (RS)
)
(C:\Users\reidm\AppData\Roaming\MiKTeX\2.9\tex\latex\pxfonts\upxmia.fd
File: upxmia.fd 2000/12/14 v1.0
)
(C:\Users\reidm\AppData\Roaming\MiKTeX\2.9\tex\latex\pxfonts\upxsya.fd
File: upxsya.fd 2000/12/14 v1.0
)
(C:\Users\reidm\AppData\Roaming\MiKTeX\2.9\tex\latex\pxfonts\upxsyb.fd
File: utxsyb.fd 2000/12/14 v1.0
)
(C:\Users\reidm\AppData\Roaming\MiKTeX\2.9\tex\latex\pxfonts\upxsyc.fd
File: upxsyc.fd 2000/12/14 v1.0
)
File: images/ansuiuc.png Graphic file (type png)
<use images/ansuiuc.png>
Package pdftex.def Info: images/ansuiuc.png  used on input line 22. on input li
ne 22.
Package pdftex.def Info: Requested size: 135.50752pt x 36.135pt on input line 2
2.
File: images/illinoislogo.png Graphic file (type png)
<use images/illinoislogo.png>
Package pdftex.def Info: images/illinoislogo.png  used on input line 22. on inp
ut line 22.
Package pdftex.def Info: Requested size: 27.55771pt x 36.135pt on input line 22
.

[4]
<./images/ans_uiuc_group.jpg, id=31, 2055.68pt x 1541.76pt>
File: ./images/ans_uiuc_group.jpg Graphic file (type jpg)
<use ./images/ans_uiuc_group.jpg>
Package pdftex.def Info: ./images/ans_uiuc_group.jpg  used on input line 29. on
 input line 29.
Package pdftex.def Info: Requested size: 256.0748pt x 192.0373pt on input line 
29.
<./images/ans_conf_19.jpg, id=32, 4063.18pt x 3047.385pt>
File: ./images/ans_conf_19.jpg Graphic file (type jpg)
<use ./images/ans_conf_19.jpg>
Package pdftex.def Info: ./images/ans_conf_19.jpg  used on input line 36. on in
put line 36.
Package pdftex.def Info: Requested size: 256.0748pt x 192.04207pt on input line
 36.
File: images/ansuiuc.png Graphic file (type png)
<use images/ansuiuc.png>
Package pdftex.def Info: images/ansuiuc.png  used on input line 39. on input li
ne 39.
Package pdftex.def Info: Requested size: 135.50752pt x 36.135pt on input line 3
9.
File: images/illinoislogo.png Graphic file (type png)
<use images/illinoislogo.png>
Package pdftex.def Info: images/illinoislogo.png  used on input line 39. on inp
ut line 39.
Package pdftex.def Info: Requested size: 27.55771pt x 36.135pt on input line 39
.
 [5 <./images/ans_uiuc_group.jpg>]
File: images/ansuiuc.png Graphic file (type png)
<use images/ansuiuc.png>
Package pdftex.def Info: images/ansuiuc.png  used on input line 51. on input li
ne 51.
Package pdftex.def Info: Requested size: 135.50752pt x 36.135pt on input line 5
1.
File: images/illinoislogo.png Graphic file (type png)
<use images/illinoislogo.png>
Package pdftex.def Info: images/illinoislogo.png  used on input line 51. on inp
ut line 51.
Package pdftex.def Info: Requested size: 27.55771pt x 36.135pt on input line 51
.
 [6 <./images/ans_conf_19.jpg>]
(C:\Users\reidm\AppData\Roaming\MiKTeX\2.9\tex\latex\gfsdidot\uudidotnums.fd)
File: images/ansuiuc.png Graphic file (type png)
<use images/ansuiuc.png>
Package pdftex.def Info: images/ansuiuc.png  used on input line 70. on input li
ne 70.
Package pdftex.def Info: Requested size: 135.50752pt x 36.135pt on input line 7
0.
File: images/illinoislogo.png Graphic file (type png)
<use images/illinoislogo.png>
Package pdftex.def Info: images/illinoislogo.png  used on input line 70. on inp
ut line 70.
Package pdftex.def Info: Requested size: 27.55771pt x 36.135pt on input line 70
.

[7])
File: images/ansuiuc.png Graphic file (type png)
<use images/ansuiuc.png>
Package pdftex.def Info: images/ansuiuc.png  used on input line 98. on input li
ne 98.
Package pdftex.def Info: Requested size: 135.50752pt x 36.135pt on input line 9
8.
File: images/illinoislogo.png Graphic file (type png)
<use images/illinoislogo.png>
Package pdftex.def Info: images/illinoislogo.png  used on input line 98. on inp
ut line 98.
Package pdftex.def Info: Requested size: 27.55771pt x 36.135pt on input line 98
.
 [8] (conflog.tex
Underfull \hbox (badness 10000) in paragraph at lines 26--27

 []


LaTeX Warning: Reference `fig:conf-map' on page 9 undefined on input line 41.


Underfull \hbox (badness 10000) in paragraph at lines 41--42

 []

<./images/ncsa_front.jpg, id=48, 869.2475pt x 239.89626pt>
File: ./images/ncsa_front.jpg Graphic file (type jpg)
<use ./images/ncsa_front.jpg>
Package pdftex.def Info: ./images/ncsa_front.jpg  used on input line 48. on inp
ut line 48.
Package pdftex.def Info: Requested size: 400.38872pt x 110.50003pt on input lin
e 48.

Underfull \hbox (badness 10000) in paragraph at lines 44--51

 []

File: images/ansuiuc.png Graphic file (type png)
<use images/ansuiuc.png>
Package pdftex.def Info: images/ansuiuc.png  used on input line 52. on input li
ne 52.
Package pdftex.def Info: Requested size: 135.50752pt x 36.135pt on input line 5
2.
File: images/illinoislogo.png Graphic file (type png)
<use images/illinoislogo.png>
Package pdftex.def Info: images/illinoislogo.png  used on input line 52. on inp
ut line 52.
Package pdftex.def Info: Requested size: 27.55771pt x 36.135pt on input line 52
.
[9]
Underfull \hbox (badness 10000) in paragraph at lines 53--55

 []

<./images/beckman.jpg, id=53, 833.1125pt x 381.425pt>
File: ./images/beckman.jpg Graphic file (type jpg)
<use ./images/beckman.jpg>
Package pdftex.def Info: ./images/beckman.jpg  used on input line 58. on input 
line 58.
Package pdftex.def Info: Requested size: 300.29344pt x 137.48167pt on input lin
e 58.
<./images/campus_map.png, id=54, 684.5575pt x 827.09pt>
File: ./images/campus_map.png Graphic file (type png)
<use ./images/campus_map.png>
Package pdftex.def Info: ./images/campus_map.png  used on input line 65. on inp
ut line 65.
Package pdftex.def Info: Requested size: 500.484pt x 604.70457pt on input line 
65.
File: images/ansuiuc.png Graphic file (type png)
<use images/ansuiuc.png>
Package pdftex.def Info: images/ansuiuc.png  used on input line 69. on input li
ne 69.
Package pdftex.def Info: Requested size: 135.50752pt x 36.135pt on input line 6
9.
File: images/illinoislogo.png Graphic file (type png)
<use images/illinoislogo.png>
Package pdftex.def Info: images/illinoislogo.png  used on input line 69. on inp
ut line 69.
Package pdftex.def Info: Requested size: 27.55771pt x 36.135pt on input line 69
.
[10 <./images/ncsa_front.jpg> <./images/beckman.jpg>]
File: images/ansuiuc.png Graphic file (type png)
<use images/ansuiuc.png>
Package pdftex.def Info: images/ansuiuc.png  used on input line 73. on input li
ne 73.
Package pdftex.def Info: Requested size: 135.50752pt x 36.135pt on input line 7
3.
File: images/illinoislogo.png Graphic file (type png)
<use images/illinoislogo.png>
Package pdftex.def Info: images/illinoislogo.png  used on input line 73. on inp
ut line 73.
Package pdftex.def Info: Requested size: 27.55771pt x 36.135pt on input line 73
.
 [11 <./images/campus_map.png>]
Underfull \hbox (badness 10000) in paragraph at lines 74--76

 []

<./images/marriott_room1.jpeg, id=62, 356.33125pt x 142.5325pt>
File: ./images/marriott_room1.jpeg Graphic file (type jpg)
<use ./images/marriott_room1.jpeg>
Package pdftex.def Info: ./images/marriott_room1.jpeg  used on input line 90. o
n input line 90.
Package pdftex.def Info: Requested size: 125.12099pt x 50.04805pt on input line
 90.
<./images/marriott_room2.jpeg, id=63, 276.03125pt x 183.68625pt>
File: ./images/marriott_room2.jpeg Graphic file (type jpg)
<use ./images/marriott_room2.jpeg>
Package pdftex.def Info: ./images/marriott_room2.jpeg  used on input line 95. o
n input line 95.
Package pdftex.def Info: Requested size: 125.12099pt x 83.26344pt on input line
 95.
File: images/ansuiuc.png Graphic file (type png)
<use images/ansuiuc.png>
Package pdftex.def Info: images/ansuiuc.png  used on input line 103. on input l
ine 103.
Package pdftex.def Info: Requested size: 135.50752pt x 36.135pt on input line 1
03.
File: images/illinoislogo.png Graphic file (type png)
<use images/illinoislogo.png>
Package pdftex.def Info: images/illinoislogo.png  used on input line 103. on in
put line 103.
Package pdftex.def Info: Requested size: 27.55771pt x 36.135pt on input line 10
3.
[12 <./images/marriott_room1.jpeg> <./images/marriott_room2.jpeg>]
Underfull \hbox (badness 10000) in paragraph at lines 143--144

 []

File: images/ansuiuc.png Graphic file (type png)
<use images/ansuiuc.png>
Package pdftex.def Info: images/ansuiuc.png  used on input line 164. on input l
ine 164.
Package pdftex.def Info: Requested size: 135.50752pt x 36.135pt on input line 1
64.
File: images/illinoislogo.png Graphic file (type png)
<use images/illinoislogo.png>
Package pdftex.def Info: images/illinoislogo.png  used on input line 164. on in
put line 164.
Package pdftex.def Info: Requested size: 27.55771pt x 36.135pt on input line 16
4.
[13])
File: images/ansuiuc.png Graphic file (type png)
<use images/ansuiuc.png>
Package pdftex.def Info: images/ansuiuc.png  used on input line 100. on input l
ine 100.
Package pdftex.def Info: Requested size: 135.50752pt x 36.135pt on input line 1
00.
File: images/illinoislogo.png Graphic file (type png)
<use images/illinoislogo.png>
Package pdftex.def Info: images/illinoislogo.png  used on input line 100. on in
put line 100.
Package pdftex.def Info: Requested size: 27.55771pt x 36.135pt on input line 10
0.
 [14] (proglog.tex
File: images/ansuiuc.png Graphic file (type png)
<use images/ansuiuc.png>
Package pdftex.def Info: images/ansuiuc.png  used on input line 33. on input li
ne 33.
Package pdftex.def Info: Requested size: 135.50752pt x 36.135pt on input line 3
3.
File: images/illinoislogo.png Graphic file (type png)
<use images/illinoislogo.png>
Package pdftex.def Info: images/illinoislogo.png  used on input line 33. on inp
ut line 33.
Package pdftex.def Info: Requested size: 27.55771pt x 36.135pt on input line 33
.
 [15]
File: images/ansuiuc.png Graphic file (type png)
<use images/ansuiuc.png>
Package pdftex.def Info: images/ansuiuc.png  used on input line 47. on input li
ne 47.
Package pdftex.def Info: Requested size: 135.50752pt x 36.135pt on input line 4
7.
File: images/illinoislogo.png Graphic file (type png)
<use images/illinoislogo.png>
Package pdftex.def Info: images/illinoislogo.png  used on input line 47. on inp
ut line 47.
Package pdftex.def Info: Requested size: 27.55771pt x 36.135pt on input line 47
.
 [16]
Underfull \hbox (badness 10000) in paragraph at lines 49--50

 []


LaTeX Font Warning: Command \Large invalid in math mode on input line 51.


Underfull \hbox (badness 10000) in paragraph at lines 68--69

 []

File: images/ansuiuc.png Graphic file (type png)
<use images/ansuiuc.png>
Package pdftex.def Info: images/ansuiuc.png  used on input line 69. on input li
ne 69.
Package pdftex.def Info: Requested size: 135.50752pt x 36.135pt on input line 6
9.
File: images/illinoislogo.png Graphic file (type png)
<use images/illinoislogo.png>
Package pdftex.def Info: images/illinoislogo.png  used on input line 69. on inp
ut line 69.
Package pdftex.def Info: Requested size: 27.55771pt x 36.135pt on input line 69
.
[17]

LaTeX Font Warning: Command \Large invalid in math mode on input line 70.

File: images/ansuiuc.png Graphic file (type png)
<use images/ansuiuc.png>
Package pdftex.def Info: images/ansuiuc.png  used on input line 97. on input li
ne 97.
Package pdftex.def Info: Requested size: 135.50752pt x 36.135pt on input line 9
7.
File: images/illinoislogo.png Graphic file (type png)
<use images/illinoislogo.png>
Package pdftex.def Info: images/illinoislogo.png  used on input line 97. on inp
ut line 97.
Package pdftex.def Info: Requested size: 27.55771pt x 36.135pt on input line 97
.
[18]
Underfull \hbox (badness 10000) in paragraph at lines 116--117

 []


Underfull \hbox (badness 10000) in paragraph at lines 118--120

 []


Underfull \hbox (badness 10000) in paragraph at lines 121--123

 []

File: images/ansuiuc.png Graphic file (type png)
<use images/ansuiuc.png>
Package pdftex.def Info: images/ansuiuc.png  used on input line 123. on input l
ine 123.
Package pdftex.def Info: Requested size: 135.50752pt x 36.135pt on input line 1
23.
File: images/illinoislogo.png Graphic file (type png)
<use images/illinoislogo.png>
Package pdftex.def Info: images/illinoislogo.png  used on input line 123. on in
put line 123.
Package pdftex.def Info: Requested size: 27.55771pt x 36.135pt on input line 12
3.
[19]
Underfull \hbox (badness 10000) in paragraph at lines 124--126

 []


Underfull \hbox (badness 10000) in paragraph at lines 127--129

 []


Underfull \hbox (badness 10000) in paragraph at lines 134--135

 []


Underfull \hbox (badness 10000) in paragraph at lines 136--138

 []


Underfull \hbox (badness 10000) in paragraph at lines 139--141

 []

)
Underfull \hbox (badness 10000) in paragraph at lines 142--102

 []

File: images/ansuiuc.png Graphic file (type png)
<use images/ansuiuc.png>
Package pdftex.def Info: images/ansuiuc.png  used on input line 102. on input l
ine 102.
Package pdftex.def Info: Requested size: 135.50752pt x 36.135pt on input line 1
02.
File: images/illinoislogo.png Graphic file (type png)
<use images/illinoislogo.png>
Package pdftex.def Info: images/illinoislogo.png  used on input line 102. on in
put line 102.
Package pdftex.def Info: Requested size: 27.55771pt x 36.135pt on input line 10
2.
[20] (socials.tex
<./images/union_recroom1.png, id=93, 722.7pt x 542.025pt>
File: ./images/union_recroom1.png Graphic file (type png)
<use ./images/union_recroom1.png>
Package pdftex.def Info: ./images/union_recroom1.png  used on input line 11. on
 input line 11.
Package pdftex.def Info: Requested size: 225.21626pt x 168.91096pt on input lin
e 11.
<./images/union_recroom2.png, id=94, 361.35pt x 236.68425pt>
File: ./images/union_recroom2.png Graphic file (type png)
<use ./images/union_recroom2.png>
Package pdftex.def Info: ./images/union_recroom2.png  used on input line 15. on
 input line 15.
Package pdftex.def Info: Requested size: 225.21626pt x 147.51558pt on input lin
e 15.
<./images/77club1.png, id=95, 361.35pt x 361.35pt>
File: ./images/77club1.png Graphic file (type png)
<use ./images/77club1.png>
Package pdftex.def Info: ./images/77club1.png  used on input line 27. on input 
line 27.
Package pdftex.def Info: Requested size: 175.16862pt x 175.16632pt on input lin
e 27.
<./images/77club2.png, id=96, 1156.32pt x 650.43pt>
File: ./images/77club2.png Graphic file (type png)
<use ./images/77club2.png>
Package pdftex.def Info: ./images/77club2.png  used on input line 31. on input 
line 31.
Package pdftex.def Info: Requested size: 225.21626pt x 126.6795pt on input line
 31.
File: images/ansuiuc.png Graphic file (type png)
<use images/ansuiuc.png>
Package pdftex.def Info: images/ansuiuc.png  used on input line 37. on input li
ne 37.
Package pdftex.def Info: Requested size: 135.50752pt x 36.135pt on input line 3
7.
File: images/illinoislogo.png Graphic file (type png)
<use images/illinoislogo.png>
Package pdftex.def Info: images/illinoislogo.png  used on input line 37. on inp
ut line 37.
Package pdftex.def Info: Requested size: 27.55771pt x 36.135pt on input line 37
.
 [21 <./images/union_recroom1.png> <./images/union_recroom2.png> <./images/77cl
ub1.png> <./images/77club2.png>]
<./images/pour_bros2.png, id=100, 451.6875pt x 679.338pt>
File: ./images/pour_bros2.png Graphic file (type png)
<use ./images/pour_bros2.png>
Package pdftex.def Info: ./images/pour_bros2.png  used on input line 43. on inp
ut line 43.
Package pdftex.def Info: Requested size: 125.12099pt x 188.18163pt on input lin
e 43.
<./images/pour_bros1.png, id=101, 602.25pt x 401.70074pt>
File: ./images/pour_bros1.png Graphic file (type png)
<use ./images/pour_bros1.png>
Package pdftex.def Info: ./images/pour_bros1.png  used on input line 47. on inp
ut line 47.
Package pdftex.def Info: Requested size: 225.21626pt x 150.2206pt on input line
 47.
<./images/ice_arena.png, id=102, 361.35pt x 148.1535pt>
File: ./images/ice_arena.png Graphic file (type png)
<use ./images/ice_arena.png>
Package pdftex.def Info: ./images/ice_arena.png  used on input line 57. on inpu
t line 57.
Package pdftex.def Info: Requested size: 400.38872pt x 164.1607pt on input line
 57.
)
File: images/ansuiuc.png Graphic file (type png)
<use images/ansuiuc.png>
Package pdftex.def Info: images/ansuiuc.png  used on input line 104. on input l
ine 104.
Package pdftex.def Info: Requested size: 135.50752pt x 36.135pt on input line 1
04.
File: images/illinoislogo.png Graphic file (type png)
<use images/illinoislogo.png>
Package pdftex.def Info: images/illinoislogo.png  used on input line 104. on in
put line 104.
Package pdftex.def Info: Requested size: 27.55771pt x 36.135pt on input line 10
4.
 [22 <./images/pour_bros2.png> <./images/pour_bros1.png> <./images/ice_arena.pn
g>] (management.tex
Underfull \hbox (badness 10000) in paragraph at lines 43--43
[]\OT1/udidot/m/n/10 (+20) Non-Technical
 []


Underfull \hbox (badness 10000) in paragraph at lines 43--43
[]\OT1/udidot/m/n/10 (+20) Hotels and
 []


Underfull \hbox (badness 10000) detected at line 43
[]\OT1/udidot/m/n/10 (+20) Hotels and
 []


Overfull \hbox (3.31375pt too wide) in paragraph at lines 43--43
[]\OT1/udidot/m/n/10 (-20) Communications
 []


Overfull \hbox (3.31375pt too wide) detected at line 43
[]\OT1/udidot/m/n/10 (-20) Communications
 []


Overfull \hbox (1.64308pt too wide) in paragraph at lines 43--43
[]$[]$ 
 []


Overfull \hbox (1.64308pt too wide) detected at line 43
[]$[]$ 
 []


Underfull \hbox (badness 2012) in paragraph at lines 43--43
[]\OT1/udidot/m/n/10 (+20) Financial Sub-
 []


Underfull \hbox (badness 1584) in paragraph at lines 43--43
[]\OT1/udidot/m/n/10 (+20) Technical Sub-
 []


LaTeX Font Warning: Command \large invalid in math mode on input line 59.


LaTeX Font Warning: Command \large invalid in math mode on input line 63.

File: images/ansuiuc.png Graphic file (type png)
<use images/ansuiuc.png>
Package pdftex.def Info: images/ansuiuc.png  used on input line 76. on input li
ne 76.
Package pdftex.def Info: Requested size: 135.50752pt x 36.135pt on input line 7
6.
File: images/illinoislogo.png Graphic file (type png)
<use images/illinoislogo.png>
Package pdftex.def Info: images/illinoislogo.png  used on input line 76. on inp
ut line 76.
Package pdftex.def Info: Requested size: 27.55771pt x 36.135pt on input line 76
.
[23]
File: images/ansuiuc.png Graphic file (type png)
<use images/ansuiuc.png>
Package pdftex.def Info: images/ansuiuc.png  used on input line 119. on input l
ine 119.
Package pdftex.def Info: Requested size: 135.50752pt x 36.135pt on input line 1
19.
File: images/illinoislogo.png Graphic file (type png)
<use images/illinoislogo.png>
Package pdftex.def Info: images/illinoislogo.png  used on input line 119. on in
put line 119.
Package pdftex.def Info: Requested size: 27.55771pt x 36.135pt on input line 11
9.
 [24]
<./images/dotsons2.jpg, id=114, 418.56375pt x 493.845pt>
File: ./images/dotsons2.jpg Graphic file (type jpg)
<use ./images/dotsons2.jpg>
Package pdftex.def Info: ./images/dotsons2.jpg  used on input line 126. on inpu
t line 126.
Package pdftex.def Info: Requested size: 152.56053pt x 180.0pt on input line 12
6.

Underfull \hbox (badness 10000) in paragraph at lines 129--131

 []

<./images/mettlerj.jpg, id=115, 963.6pt x 1445.4pt>
File: ./images/mettlerj.jpg Graphic file (type jpg)
<use ./images/mettlerj.jpg>
Package pdftex.def Info: ./images/mettlerj.jpg  used on input line 136. on inpu
t line 136.
Package pdftex.def Info: Requested size: 119.9939pt x 180.0pt on input line 136
.

Underfull \hbox (badness 10000) in paragraph at lines 139--141

 []

File: images/ansuiuc.png Graphic file (type png)
<use images/ansuiuc.png>
Package pdftex.def Info: images/ansuiuc.png  used on input line 153. on input l
ine 153.
Package pdftex.def Info: Requested size: 135.50752pt x 36.135pt on input line 1
53.
File: images/illinoislogo.png Graphic file (type png)
<use images/illinoislogo.png>
Package pdftex.def Info: images/illinoislogo.png  used on input line 153. on in
put line 153.
Package pdftex.def Info: Requested size: 27.55771pt x 36.135pt on input line 15
3.
[25 <./images/dotsons2.jpg> <./images/mettlerj.jpg>]
Underfull \vbox (badness 10000) detected at line 201
 []

File: images/ansuiuc.png Graphic file (type png)
<use images/ansuiuc.png>
Package pdftex.def Info: images/ansuiuc.png  used on input line 264. on input l
ine 264.
Package pdftex.def Info: Requested size: 135.50752pt x 36.135pt on input line 2
64.
File: images/illinoislogo.png Graphic file (type png)
<use images/illinoislogo.png>
Package pdftex.def Info: images/illinoislogo.png  used on input line 264. on in
put line 264.
Package pdftex.def Info: Requested size: 27.55771pt x 36.135pt on input line 26
4.
[26]
File: images/ansuiuc.png Graphic file (type png)
<use images/ansuiuc.png>
Package pdftex.def Info: images/ansuiuc.png  used on input line 294. on input l
ine 294.
Package pdftex.def Info: Requested size: 135.50752pt x 36.135pt on input line 2
94.
File: images/illinoislogo.png Graphic file (type png)
<use images/illinoislogo.png>
Package pdftex.def Info: images/illinoislogo.png  used on input line 294. on in
put line 294.
Package pdftex.def Info: Requested size: 27.55771pt x 36.135pt on input line 29
4.
 [27]

Package longtable Warning: Column widths have changed
(longtable)                in table 1 on input line 294.

)
File: images/ansuiuc.png Graphic file (type png)
<use images/ansuiuc.png>
Package pdftex.def Info: images/ansuiuc.png  used on input line 106. on input l
ine 106.
Package pdftex.def Info: Requested size: 135.50752pt x 36.135pt on input line 1
06.
File: images/illinoislogo.png Graphic file (type png)
<use images/illinoislogo.png>
Package pdftex.def Info: images/illinoislogo.png  used on input line 106. on in
put line 106.
Package pdftex.def Info: Requested size: 27.55771pt x 36.135pt on input line 10
6.
 [28] (budget.tex)
File: images/ansuiuc.png Graphic file (type png)
<use images/ansuiuc.png>
Package pdftex.def Info: images/ansuiuc.png  used on input line 108. on input l
ine 108.
Package pdftex.def Info: Requested size: 135.50752pt x 36.135pt on input line 1
08.
File: images/illinoislogo.png Graphic file (type png)
<use images/illinoislogo.png>
Package pdftex.def Info: images/illinoislogo.png  used on input line 108. on in
put line 108.
Package pdftex.def Info: Requested size: 27.55771pt x 36.135pt on input line 10
8.
 [29] (conflict.tex) (judging.tex) (schedule.tex)
(building.tex) (locations.tex) (staffreq.tex) (facultyletter.tex) (petition.tex
)
File: images/ansuiuc.png Graphic file (type png)
<use images/ansuiuc.png>
Package pdftex.def Info: images/ansuiuc.png  used on input line 121. on input l
ine 121.
Package pdftex.def Info: Requested size: 135.50752pt x 36.135pt on input line 1
21.
File: images/illinoislogo.png Graphic file (type png)
<use images/illinoislogo.png>
Package pdftex.def Info: images/illinoislogo.png  used on input line 121. on in
put line 121.
Package pdftex.def Info: Requested size: 27.55771pt x 36.135pt on input line 12
1.
 [30]

Package longtable Warning: Table widths have changed. Rerun LaTeX.

(main.aux)

LaTeX Warning: There were undefined references.


LaTeX Warning: Label(s) may have changed. Rerun to get cross-references right.

 ) 
Here is how much of TeX's memory you used:
 19916 strings out of 493312
 385453 string characters out of 3138898
 437180 words of memory out of 3000000
 22703 multiletter control sequences out of 15000+200000
 71544 words of font info for 275 fonts, out of 3000000 for 9000
 1141 hyphenation exceptions out of 8191
 55i,15n,57p,1506b,1134s stack positions out of 5000i,500n,10000p,200000b,50000s
{C:/Users/reidm/AppData/Roaming/MiKTeX/2.9/fonts/enc/dvips/gfsdidot/didotOT1i
t.enc}{C:/Users/reidm/AppData/Roaming/MiKTeX/2.9/fonts/enc/dvips/gfsdidot/didot
.enc}{C:/Users/reidm/AppData/Roaming/MiKTeX/2.9/fonts/enc/dvips/gfsdidot/didott
abnums.enc}{C:/Users/reidm/AppData/Roaming/MiKTeX/2.9/fonts/enc/dvips/gfsdidot/
didotOT1.enc}<C:/Users/reidm/AppData/Roaming/MiKTeX/2.9/fonts/type1/public/gfsd
idot/GFSDidot-Bold.pfb><C:/Users/reidm/AppData/Roaming/MiKTeX/2.9/fonts/type1/p
ublic/gfsdidot/GFSDidot-BoldItalic.pfb><C:/Users/reidm/AppData/Roaming/MiKTeX/2
.9/fonts/type1/public/gfsdidot/GFSDidot-Italic.pfb><C:/Users/reidm/AppData/Roam
ing/MiKTeX/2.9/fonts/type1/public/gfsdidot/GFSDidot.pfb><C:/Users/reidm/AppData
/Roaming/MiKTeX/2.9/fonts/type1/public/pxfonts/pxsy.pfb>
Output written on main.pdf (31 pages, 25351614 bytes).
PDF statistics:
 158 PDF objects out of 1000 (max. 8388607)
 0 named destinations out of 1000 (max. 500000)
 32881 words of extra memory for PDF output out of 35830 (max. 10000000)

